# JRE version: Java(TM) SE Runtime Environment (8.0_65-b17) (build 1.8.0_65-b17)
# Java VM: Java HotSpot(TM) 64-Bit Server VM (25.65-b01 mixed mode windows-amd64 compressed oops)
Heap:
 PSYoungGen      total 16384K, used 4016K [0x00000000eb980000, 0x00000000eca80000, 0x0000000100000000)
  eden space 15360K, 25% used [0x00000000eb980000,0x00000000ebd44080,0x00000000ec880000)
  from space 1024K, 15% used [0x00000000ec980000,0x00000000ec9a8000,0x00000000eca80000)
  to   space 1024K, 0% used [0x00000000ec880000,0x00000000ec880000,0x00000000ec980000)
 ParOldGen       total 42496K, used 4515K [0x00000000c2c00000, 0x00000000c5580000, 0x00000000eb980000)
  object space 42496K, 10% used [0x00000000c2c00000,0x00000000c3068d68,0x00000000c5580000)
 Metaspace       used 12628K, capacity 12848K, committed 12928K, reserved 1060864K
  class space    used 1556K, capacity 1655K, committed 1664K, reserved 1048576K
GC Heap History (10 events):
Event: 1980.585 GC heap before
{Heap before GC invocations=34 (full 0):
 PSYoungGen      total 16896K, used 15456K [0x00000000eb980000, 0x00000000ecb80000, 0x0000000100000000)
  eden space 15360K, 100% used [0x00000000eb980000,0x00000000ec880000,0x00000000ec880000)
  from space 1536K, 6% used [0x00000000ec880000,0x00000000ec898000,0x00000000eca00000)
  to   space 1536K, 0% used [0x00000000eca00000,0x00000000eca00000,0x00000000ecb80000)
 ParOldGen       total 42496K, used 4475K [0x00000000c2c00000, 0x00000000c5580000, 0x00000000eb980000)
  object space 42496K, 10% used [0x00000000c2c00000,0x00000000c305ed68,0x00000000c5580000)
 Metaspace       used 12622K, capacity 12848K, committed 12928K, reserved 1060864K
  class space    used 1555K, capacity 1655K, committed 1664K, reserved 1048576K
Event: 1980.650 GC heap after
Heap after GC invocations=34 (full 0):
 PSYoungGen      total 16896K, used 128K [0x00000000eb980000, 0x00000000ecb80000, 0x0000000100000000)
  eden space 15360K, 0% used [0x00000000eb980000,0x00000000eb980000,0x00000000ec880000)
  from space 1536K, 8% used [0x00000000eca00000,0x00000000eca20000,0x00000000ecb80000)
  to   space 1536K, 0% used [0x00000000ec880000,0x00000000ec880000,0x00000000eca00000)
 ParOldGen       total 42496K, used 4483K [0x00000000c2c00000, 0x00000000c5580000, 0x00000000eb980000)
  object space 42496K, 10% used [0x00000000c2c00000,0x00000000c3060d68,0x00000000c5580000)
 Metaspace       used 12622K, capacity 12848K, committed 12928K, reserved 1060864K
  class space    used 1555K, capacity 1655K, committed 1664K, reserved 1048576K
}
Event: 2028.282 GC heap before
{Heap before GC invocations=35 (full 0):
 PSYoungGen      total 16896K, used 15488K [0x00000000eb980000, 0x00000000ecb80000, 0x0000000100000000)
  eden space 15360K, 100% used [0x00000000eb980000,0x00000000ec880000,0x00000000ec880000)
  from space 1536K, 8% used [0x00000000eca00000,0x00000000eca20000,0x00000000ecb80000)
  to   space 1536K, 0% used [0x00000000ec880000,0x00000000ec880000,0x00000000eca00000)
 ParOldGen       total 42496K, used 4483K [0x00000000c2c00000, 0x00000000c5580000, 0x00000000eb980000)
  object space 42496K, 10% used [0x00000000c2c00000,0x00000000c3060d68,0x00000000c5580000)
 Metaspace       used 12622K, capacity 12848K, committed 12928K, reserved 1060864K
  class space    used 1555K, capacity 1655K, committed 1664K, reserved 1048576K
Event: 2028.284 GC heap after
Heap after GC invocations=35 (full 0):
 PSYoungGen      total 16896K, used 96K [0x00000000eb980000, 0x00000000ecb80000, 0x0000000100000000)
  eden space 15360K, 0% used [0x00000000eb980000,0x00000000eb980000,0x00000000ec880000)
  from space 1536K, 6% used [0x00000000ec880000,0x00000000ec898000,0x00000000eca00000)
  to   space 1536K, 0% used [0x00000000eca00000,0x00000000eca00000,0x00000000ecb80000)
 ParOldGen       total 42496K, used 4499K [0x00000000c2c00000, 0x00000000c5580000, 0x00000000eb980000)
  object space 42496K, 10% used [0x00000000c2c00000,0x00000000c3064d68,0x00000000c5580000)
 Metaspace       used 12622K, capacity 12848K, committed 12928K, reserved 1060864K
  class space    used 1555K, capacity 1655K, committed 1664K, reserved 1048576K
}
Event: 2078.069 GC heap before
{Heap before GC invocations=36 (full 0):
 PSYoungGen      total 16896K, used 15456K [0x00000000eb980000, 0x00000000ecb80000, 0x0000000100000000)
  eden space 15360K, 100% used [0x00000000eb980000,0x00000000ec880000,0x00000000ec880000)
  from space 1536K, 6% used [0x00000000ec880000,0x00000000ec898000,0x00000000eca00000)
  to   space 1536K, 0% used [0x00000000eca00000,0x00000000eca00000,0x00000000ecb80000)
 ParOldGen       total 42496K, used 4499K [0x00000000c2c00000, 0x00000000c5580000, 0x00000000eb980000)
  object space 42496K, 10% used [0x00000000c2c00000,0x00000000c3064d68,0x00000000c5580000)
 Metaspace       used 12622K, capacity 12848K, committed 12928K, reserved 1060864K
  class space    used 1555K, capacity 1655K, committed 1664K, reserved 1048576K
Event: 2078.127 GC heap after
Heap after GC invocations=36 (full 0):
 PSYoungGen      total 15872K, used 96K [0x00000000eb980000, 0x00000000eca80000, 0x0000000100000000)
  eden space 15360K, 0% used [0x00000000eb980000,0x00000000eb980000,0x00000000ec880000)
  from space 512K, 18% used [0x00000000eca00000,0x00000000eca18000,0x00000000eca80000)
  to   space 1024K, 0% used [0x00000000ec880000,0x00000000ec880000,0x00000000ec980000)
 ParOldGen       total 42496K, used 4499K [0x00000000c2c00000, 0x00000000c5580000, 0x00000000eb980000)
  object space 42496K, 10% used [0x00000000c2c00000,0x00000000c3064d68,0x00000000c5580000)
 Metaspace       used 12622K, capacity 12848K, committed 12928K, reserved 1060864K
  class space    used 1555K, capacity 1655K, committed 1664K, reserved 1048576K
}
Event: 2152.660 GC heap before
{Heap before GC invocations=37 (full 0):
 PSYoungGen      total 15872K, used 15456K [0x00000000eb980000, 0x00000000eca80000, 0x0000000100000000)
  eden space 15360K, 100% used [0x00000000eb980000,0x00000000ec880000,0x00000000ec880000)
  from space 512K, 18% used [0x00000000eca00000,0x00000000eca18000,0x00000000eca80000)
  to   space 1024K, 0% used [0x00000000ec880000,0x00000000ec880000,0x00000000ec980000)
 ParOldGen       total 42496K, used 4499K [0x00000000c2c00000, 0x00000000c5580000, 0x00000000eb980000)
  object space 42496K, 10% used [0x00000000c2c00000,0x00000000c3064d68,0x00000000c5580000)
 Metaspace       used 12622K, capacity 12848K, committed 12928K, reserved 1060864K
  class space    used 1555K, capacity 1655K, committed 1664K, reserved 1048576K
Event: 2152.787 GC heap after
Heap after GC invocations=37 (full 0):
 PSYoungGen      total 16384K, used 96K [0x00000000eb980000, 0x00000000eca80000, 0x0000000100000000)
  eden space 15360K, 0% used [0x00000000eb980000,0x00000000eb980000,0x00000000ec880000)
  from space 1024K, 9% used [0x00000000ec880000,0x00000000ec898000,0x00000000ec980000)
  to   space 1024K, 0% used [0x00000000ec980000,0x00000000ec980000,0x00000000eca80000)
 ParOldGen       total 42496K, used 4507K [0x00000000c2c00000, 0x00000000c5580000, 0x00000000eb980000)
  object space 42496K, 10% used [0x00000000c2c00000,0x00000000c3066d68,0x00000000c5580000)
 Metaspace       used 12622K, capacity 12848K, committed 12928K, reserved 1060864K
  class space    used 1555K, capacity 1655K, committed 1664K, reserved 1048576K
}
Event: 2203.953 GC heap before
{Heap before GC invocations=38 (full 0):
 PSYoungGen      total 16384K, used 15456K [0x00000000eb980000, 0x00000000eca80000, 0x0000000100000000)
  eden space 15360K, 100% used [0x00000000eb980000,0x00000000ec880000,0x00000000ec880000)
  from space 1024K, 9% used [0x00000000ec880000,0x00000000ec898000,0x00000000ec980000)
  to   space 1024K, 0% used [0x00000000ec980000,0x00000000ec980000,0x00000000eca80000)
 ParOldGen       total 42496K, used 4507K [0x00000000c2c00000, 0x00000000c5580000, 0x00000000eb980000)
  object space 42496K, 10% used [0x00000000c2c00000,0x00000000c3066d68,0x00000000c5580000)
 Metaspace       used 12622K, capacity 12848K, committed 12928K, reserved 1060864K
  class space    used 1555K, capacity 1655K, committed 1664K, reserved 1048576K
Event: 2204.224 GC heap after
Heap after GC invocations=38 (full 0):
 PSYoungGen      total 16384K, used 160K [0x00000000eb980000, 0x00000000eca80000, 0x0000000100000000)
  eden space 15360K, 0% used [0x00000000eb980000,0x00000000eb980000,0x00000000ec880000)
  from space 1024K, 15% used [0x00000000ec980000,0x00000000ec9a8000,0x00000000eca80000)
  to   space 1024K, 0% used [0x00000000ec880000,0x00000000ec880000,0x00000000ec980000)
 ParOldGen       total 42496K, used 4515K [0x00000000c2c00000, 0x00000000c5580000, 0x00000000eb980000)
  object space 42496K, 10% used [0x00000000c2c00000,0x00000000c3068d68,0x00000000c5580000)
 Metaspace       used 12622K, capacity 12848K, committed 12928K, reserved 1060864K
  class space    used 1555K, capacity 1655K, committed 1664K, reserved 1048576K
}

