# JRE version: Java(TM) SE Runtime Environment (8.0_65-b17) (build 1.8.0_65-b17)
# Java VM: Java HotSpot(TM) 64-Bit Server VM (25.65-b01 mixed mode windows-amd64 compressed oops)
Heap:
 PSYoungGen      total 15872K, used 10712K [0x00000000eb980000, 0x00000000eca00000, 0x0000000100000000)
  eden space 15360K, 69% used [0x00000000eb980000,0x00000000ec3e61a8,0x00000000ec880000)
  from space 512K, 12% used [0x00000000ec980000,0x00000000ec990000,0x00000000eca00000)
  to   space 512K, 0% used [0x00000000ec900000,0x00000000ec900000,0x00000000ec980000)
 ParOldGen       total 42496K, used 5338K [0x00000000c2c00000, 0x00000000c5580000, 0x00000000eb980000)
  object space 42496K, 12% used [0x00000000c2c00000,0x00000000c3136bc8,0x00000000c5580000)
 Metaspace       used 13270K, capacity 13506K, committed 13696K, reserved 1060864K
  class space    used 1564K, capacity 1658K, committed 1664K, reserved 1048576K
GC Heap History (10 events):
Event: 5006.163 GC heap before
{Heap before GC invocations=100 (full 0):
 PSYoungGen      total 15872K, used 15392K [0x00000000eb980000, 0x00000000eca00000, 0x0000000100000000)
  eden space 15360K, 100% used [0x00000000eb980000,0x00000000ec880000,0x00000000ec880000)
  from space 512K, 6% used [0x00000000ec900000,0x00000000ec908000,0x00000000ec980000)
  to   space 512K, 0% used [0x00000000ec980000,0x00000000ec980000,0x00000000eca00000)
 ParOldGen       total 42496K, used 5322K [0x00000000c2c00000, 0x00000000c5580000, 0x00000000eb980000)
  object space 42496K, 12% used [0x00000000c2c00000,0x00000000c3132bc8,0x00000000c5580000)
 Metaspace       used 13270K, capacity 13506K, committed 13696K, reserved 1060864K
  class space    used 1564K, capacity 1658K, committed 1664K, reserved 1048576K
Event: 5006.203 GC heap after
Heap after GC invocations=100 (full 0):
 PSYoungGen      total 15872K, used 96K [0x00000000eb980000, 0x00000000eca00000, 0x0000000100000000)
  eden space 15360K, 0% used [0x00000000eb980000,0x00000000eb980000,0x00000000ec880000)
  from space 512K, 18% used [0x00000000ec980000,0x00000000ec998000,0x00000000eca00000)
  to   space 512K, 0% used [0x00000000ec900000,0x00000000ec900000,0x00000000ec980000)
 ParOldGen       total 42496K, used 5322K [0x00000000c2c00000, 0x00000000c5580000, 0x00000000eb980000)
  object space 42496K, 12% used [0x00000000c2c00000,0x00000000c3132bc8,0x00000000c5580000)
 Metaspace       used 13270K, capacity 13506K, committed 13696K, reserved 1060864K
  class space    used 1564K, capacity 1658K, committed 1664K, reserved 1048576K
}
Event: 5053.685 GC heap before
{Heap before GC invocations=101 (full 0):
 PSYoungGen      total 15872K, used 15456K [0x00000000eb980000, 0x00000000eca00000, 0x0000000100000000)
  eden space 15360K, 100% used [0x00000000eb980000,0x00000000ec880000,0x00000000ec880000)
  from space 512K, 18% used [0x00000000ec980000,0x00000000ec998000,0x00000000eca00000)
  to   space 512K, 0% used [0x00000000ec900000,0x00000000ec900000,0x00000000ec980000)
 ParOldGen       total 42496K, used 5322K [0x00000000c2c00000, 0x00000000c5580000, 0x00000000eb980000)
  object space 42496K, 12% used [0x00000000c2c00000,0x00000000c3132bc8,0x00000000c5580000)
 Metaspace       used 13270K, capacity 13506K, committed 13696K, reserved 1060864K
  class space    used 1564K, capacity 1658K, committed 1664K, reserved 1048576K
Event: 5053.688 GC heap after
Heap after GC invocations=101 (full 0):
 PSYoungGen      total 15872K, used 64K [0x00000000eb980000, 0x00000000eca00000, 0x0000000100000000)
  eden space 15360K, 0% used [0x00000000eb980000,0x00000000eb980000,0x00000000ec880000)
  from space 512K, 12% used [0x00000000ec900000,0x00000000ec910000,0x00000000ec980000)
  to   space 512K, 0% used [0x00000000ec980000,0x00000000ec980000,0x00000000eca00000)
 ParOldGen       total 42496K, used 5330K [0x00000000c2c00000, 0x00000000c5580000, 0x00000000eb980000)
  object space 42496K, 12% used [0x00000000c2c00000,0x00000000c3134bc8,0x00000000c5580000)
 Metaspace       used 13270K, capacity 13506K, committed 13696K, reserved 1060864K
  class space    used 1564K, capacity 1658K, committed 1664K, reserved 1048576K
}
Event: 5104.019 GC heap before
{Heap before GC invocations=102 (full 0):
 PSYoungGen      total 15872K, used 15424K [0x00000000eb980000, 0x00000000eca00000, 0x0000000100000000)
  eden space 15360K, 100% used [0x00000000eb980000,0x00000000ec880000,0x00000000ec880000)
  from space 512K, 12% used [0x00000000ec900000,0x00000000ec910000,0x00000000ec980000)
  to   space 512K, 0% used [0x00000000ec980000,0x00000000ec980000,0x00000000eca00000)
 ParOldGen       total 42496K, used 5330K [0x00000000c2c00000, 0x00000000c5580000, 0x00000000eb980000)
  object space 42496K, 12% used [0x00000000c2c00000,0x00000000c3134bc8,0x00000000c5580000)
 Metaspace       used 13270K, capacity 13506K, committed 13696K, reserved 1060864K
  class space    used 1564K, capacity 1658K, committed 1664K, reserved 1048576K
Event: 5104.021 GC heap after
Heap after GC invocations=102 (full 0):
 PSYoungGen      total 15872K, used 64K [0x00000000eb980000, 0x00000000eca00000, 0x0000000100000000)
  eden space 15360K, 0% used [0x00000000eb980000,0x00000000eb980000,0x00000000ec880000)
  from space 512K, 12% used [0x00000000ec980000,0x00000000ec990000,0x00000000eca00000)
  to   space 512K, 0% used [0x00000000ec900000,0x00000000ec900000,0x00000000ec980000)
 ParOldGen       total 42496K, used 5330K [0x00000000c2c00000, 0x00000000c5580000, 0x00000000eb980000)
  object space 42496K, 12% used [0x00000000c2c00000,0x00000000c3134bc8,0x00000000c5580000)
 Metaspace       used 13270K, capacity 13506K, committed 13696K, reserved 1060864K
  class space    used 1564K, capacity 1658K, committed 1664K, reserved 1048576K
}
Event: 5157.213 GC heap before
{Heap before GC invocations=103 (full 0):
 PSYoungGen      total 15872K, used 15424K [0x00000000eb980000, 0x00000000eca00000, 0x0000000100000000)
  eden space 15360K, 100% used [0x00000000eb980000,0x00000000ec880000,0x00000000ec880000)
  from space 512K, 12% used [0x00000000ec980000,0x00000000ec990000,0x00000000eca00000)
  to   space 512K, 0% used [0x00000000ec900000,0x00000000ec900000,0x00000000ec980000)
 ParOldGen       total 42496K, used 5330K [0x00000000c2c00000, 0x00000000c5580000, 0x00000000eb980000)
  object space 42496K, 12% used [0x00000000c2c00000,0x00000000c3134bc8,0x00000000c5580000)
 Metaspace       used 13270K, capacity 13506K, committed 13696K, reserved 1060864K
  class space    used 1564K, capacity 1658K, committed 1664K, reserved 1048576K
Event: 5157.574 GC heap after
Heap after GC invocations=103 (full 0):
 PSYoungGen      total 15872K, used 64K [0x00000000eb980000, 0x00000000eca00000, 0x0000000100000000)
  eden space 15360K, 0% used [0x00000000eb980000,0x00000000eb980000,0x00000000ec880000)
  from space 512K, 12% used [0x00000000ec900000,0x00000000ec910000,0x00000000ec980000)
  to   space 512K, 0% used [0x00000000ec980000,0x00000000ec980000,0x00000000eca00000)
 ParOldGen       total 42496K, used 5330K [0x00000000c2c00000, 0x00000000c5580000, 0x00000000eb980000)
  object space 42496K, 12% used [0x00000000c2c00000,0x00000000c3134bc8,0x00000000c5580000)
 Metaspace       used 13270K, capacity 13506K, committed 13696K, reserved 1060864K
  class space    used 1564K, capacity 1658K, committed 1664K, reserved 1048576K
}
Event: 5211.959 GC heap before
{Heap before GC invocations=104 (full 0):
 PSYoungGen      total 15872K, used 15424K [0x00000000eb980000, 0x00000000eca00000, 0x0000000100000000)
  eden space 15360K, 100% used [0x00000000eb980000,0x00000000ec880000,0x00000000ec880000)
  from space 512K, 12% used [0x00000000ec900000,0x00000000ec910000,0x00000000ec980000)
  to   space 512K, 0% used [0x00000000ec980000,0x00000000ec980000,0x00000000eca00000)
 ParOldGen       total 42496K, used 5330K [0x00000000c2c00000, 0x00000000c5580000, 0x00000000eb980000)
  object space 42496K, 12% used [0x00000000c2c00000,0x00000000c3134bc8,0x00000000c5580000)
 Metaspace       used 13270K, capacity 13506K, committed 13696K, reserved 1060864K
  class space    used 1564K, capacity 1658K, committed 1664K, reserved 1048576K
Event: 5211.962 GC heap after
Heap after GC invocations=104 (full 0):
 PSYoungGen      total 15872K, used 64K [0x00000000eb980000, 0x00000000eca00000, 0x0000000100000000)
  eden space 15360K, 0% used [0x00000000eb980000,0x00000000eb980000,0x00000000ec880000)
  from space 512K, 12% used [0x00000000ec980000,0x00000000ec990000,0x00000000eca00000)
  to   space 512K, 0% used [0x00000000ec900000,0x00000000ec900000,0x00000000ec980000)
 ParOldGen       total 42496K, used 5338K [0x00000000c2c00000, 0x00000000c5580000, 0x00000000eb980000)
  object space 42496K, 12% used [0x00000000c2c00000,0x00000000c3136bc8,0x00000000c5580000)
 Metaspace       used 13270K, capacity 13506K, committed 13696K, reserved 1060864K
  class space    used 1564K, capacity 1658K, committed 1664K, reserved 1048576K
}

