# JRE version: Java(TM) SE Runtime Environment (8.0_65-b17) (build 1.8.0_65-b17)
# Java VM: Java HotSpot(TM) 64-Bit Server VM (25.65-b01 mixed mode windows-amd64 compressed oops)
Heap:
 PSYoungGen      total 18944K, used 3328K [0x00000000eb980000, 0x00000000ed000000, 0x0000000100000000)
  eden space 15872K, 19% used [0x00000000eb980000,0x00000000ebc98018,0x00000000ec900000)
  from space 3072K, 5% used [0x00000000ecd00000,0x00000000ecd28000,0x00000000ed000000)
  to   space 3584K, 0% used [0x00000000ec900000,0x00000000ec900000,0x00000000ecc80000)
 ParOldGen       total 42496K, used 5270K [0x00000000c2c00000, 0x00000000c5580000, 0x00000000eb980000)
  object space 42496K, 12% used [0x00000000c2c00000,0x00000000c31258b0,0x00000000c5580000)
 Metaspace       used 12728K, capacity 12944K, committed 13184K, reserved 1060864K
  class space    used 1549K, capacity 1623K, committed 1664K, reserved 1048576K
GC Heap History (10 events):
Event: 1041.031 GC heap before
{Heap before GC invocations=18 (full 0):
 PSYoungGen      total 16384K, used 15936K [0x00000000eb980000, 0x00000000ed200000, 0x0000000100000000)
  eden space 15872K, 100% used [0x00000000eb980000,0x00000000ec900000,0x00000000ec900000)
  from space 512K, 12% used [0x00000000ec900000,0x00000000ec910000,0x00000000ec980000)
  to   space 4608K, 0% used [0x00000000ecd80000,0x00000000ecd80000,0x00000000ed200000)
 ParOldGen       total 42496K, used 5254K [0x00000000c2c00000, 0x00000000c5580000, 0x00000000eb980000)
  object space 42496K, 12% used [0x00000000c2c00000,0x00000000c31218b0,0x00000000c5580000)
 Metaspace       used 12728K, capacity 12944K, committed 13184K, reserved 1060864K
  class space    used 1549K, capacity 1623K, committed 1664K, reserved 1048576K
Event: 1041.155 GC heap after
Heap after GC invocations=18 (full 0):
 PSYoungGen      total 20480K, used 128K [0x00000000eb980000, 0x00000000ed200000, 0x0000000100000000)
  eden space 15872K, 0% used [0x00000000eb980000,0x00000000eb980000,0x00000000ec900000)
  from space 4608K, 2% used [0x00000000ecd80000,0x00000000ecda0000,0x00000000ed200000)
  to   space 4608K, 0% used [0x00000000ec900000,0x00000000ec900000,0x00000000ecd80000)
 ParOldGen       total 42496K, used 5262K [0x00000000c2c00000, 0x00000000c5580000, 0x00000000eb980000)
  object space 42496K, 12% used [0x00000000c2c00000,0x00000000c31238b0,0x00000000c5580000)
 Metaspace       used 12728K, capacity 12944K, committed 13184K, reserved 1060864K
  class space    used 1549K, capacity 1623K, committed 1664K, reserved 1048576K
}
Event: 1073.901 GC heap before
{Heap before GC invocations=19 (full 0):
 PSYoungGen      total 20480K, used 16000K [0x00000000eb980000, 0x00000000ed200000, 0x0000000100000000)
  eden space 15872K, 100% used [0x00000000eb980000,0x00000000ec900000,0x00000000ec900000)
  from space 4608K, 2% used [0x00000000ecd80000,0x00000000ecda0000,0x00000000ed200000)
  to   space 4608K, 0% used [0x00000000ec900000,0x00000000ec900000,0x00000000ecd80000)
 ParOldGen       total 42496K, used 5262K [0x00000000c2c00000, 0x00000000c5580000, 0x00000000eb980000)
  object space 42496K, 12% used [0x00000000c2c00000,0x00000000c31238b0,0x00000000c5580000)
 Metaspace       used 12728K, capacity 12944K, committed 13184K, reserved 1060864K
  class space    used 1549K, capacity 1623K, committed 1664K, reserved 1048576K
Event: 1073.902 GC heap after
Heap after GC invocations=19 (full 0):
 PSYoungGen      total 20480K, used 64K [0x00000000eb980000, 0x00000000ed200000, 0x0000000100000000)
  eden space 15872K, 0% used [0x00000000eb980000,0x00000000eb980000,0x00000000ec900000)
  from space 4608K, 1% used [0x00000000ec900000,0x00000000ec910000,0x00000000ecd80000)
  to   space 4608K, 0% used [0x00000000ecd80000,0x00000000ecd80000,0x00000000ed200000)
 ParOldGen       total 42496K, used 5270K [0x00000000c2c00000, 0x00000000c5580000, 0x00000000eb980000)
  object space 42496K, 12% used [0x00000000c2c00000,0x00000000c31258b0,0x00000000c5580000)
 Metaspace       used 12728K, capacity 12944K, committed 13184K, reserved 1060864K
  class space    used 1549K, capacity 1623K, committed 1664K, reserved 1048576K
}
Event: 1124.083 GC heap before
{Heap before GC invocations=20 (full 0):
 PSYoungGen      total 20480K, used 15936K [0x00000000eb980000, 0x00000000ed200000, 0x0000000100000000)
  eden space 15872K, 100% used [0x00000000eb980000,0x00000000ec900000,0x00000000ec900000)
  from space 4608K, 1% used [0x00000000ec900000,0x00000000ec910000,0x00000000ecd80000)
  to   space 4608K, 0% used [0x00000000ecd80000,0x00000000ecd80000,0x00000000ed200000)
 ParOldGen       total 42496K, used 5270K [0x00000000c2c00000, 0x00000000c5580000, 0x00000000eb980000)
  object space 42496K, 12% used [0x00000000c2c00000,0x00000000c31258b0,0x00000000c5580000)
 Metaspace       used 12728K, capacity 12944K, committed 13184K, reserved 1060864K
  class space    used 1549K, capacity 1623K, committed 1664K, reserved 1048576K
Event: 1124.106 GC heap after
Heap after GC invocations=20 (full 0):
 PSYoungGen      total 19456K, used 64K [0x00000000eb980000, 0x00000000ed100000, 0x0000000100000000)
  eden space 15872K, 0% used [0x00000000eb980000,0x00000000eb980000,0x00000000ec900000)
  from space 3584K, 1% used [0x00000000ecd80000,0x00000000ecd90000,0x00000000ed100000)
  to   space 4096K, 0% used [0x00000000ec900000,0x00000000ec900000,0x00000000ecd00000)
 ParOldGen       total 42496K, used 5270K [0x00000000c2c00000, 0x00000000c5580000, 0x00000000eb980000)
  object space 42496K, 12% used [0x00000000c2c00000,0x00000000c31258b0,0x00000000c5580000)
 Metaspace       used 12728K, capacity 12944K, committed 13184K, reserved 1060864K
  class space    used 1549K, capacity 1623K, committed 1664K, reserved 1048576K
}
Event: 1154.613 GC heap before
{Heap before GC invocations=21 (full 0):
 PSYoungGen      total 19456K, used 15936K [0x00000000eb980000, 0x00000000ed100000, 0x0000000100000000)
  eden space 15872K, 100% used [0x00000000eb980000,0x00000000ec900000,0x00000000ec900000)
  from space 3584K, 1% used [0x00000000ecd80000,0x00000000ecd90000,0x00000000ed100000)
  to   space 4096K, 0% used [0x00000000ec900000,0x00000000ec900000,0x00000000ecd00000)
 ParOldGen       total 42496K, used 5270K [0x00000000c2c00000, 0x00000000c5580000, 0x00000000eb980000)
  object space 42496K, 12% used [0x00000000c2c00000,0x00000000c31258b0,0x00000000c5580000)
 Metaspace       used 12728K, capacity 12944K, committed 13184K, reserved 1060864K
  class space    used 1549K, capacity 1623K, committed 1664K, reserved 1048576K
Event: 1154.615 GC heap after
Heap after GC invocations=21 (full 0):
 PSYoungGen      total 19968K, used 64K [0x00000000eb980000, 0x00000000ed100000, 0x0000000100000000)
  eden space 15872K, 0% used [0x00000000eb980000,0x00000000eb980000,0x00000000ec900000)
  from space 4096K, 1% used [0x00000000ec900000,0x00000000ec910000,0x00000000ecd00000)
  to   space 4096K, 0% used [0x00000000ecd00000,0x00000000ecd00000,0x00000000ed100000)
 ParOldGen       total 42496K, used 5270K [0x00000000c2c00000, 0x00000000c5580000, 0x00000000eb980000)
  object space 42496K, 12% used [0x00000000c2c00000,0x00000000c31258b0,0x00000000c5580000)
 Metaspace       used 12728K, capacity 12944K, committed 13184K, reserved 1060864K
  class space    used 1549K, capacity 1623K, committed 1664K, reserved 1048576K
}
Event: 1206.367 GC heap before
{Heap before GC invocations=22 (full 0):
 PSYoungGen      total 19968K, used 15936K [0x00000000eb980000, 0x00000000ed100000, 0x0000000100000000)
  eden space 15872K, 100% used [0x00000000eb980000,0x00000000ec900000,0x00000000ec900000)
  from space 4096K, 1% used [0x00000000ec900000,0x00000000ec910000,0x00000000ecd00000)
  to   space 4096K, 0% used [0x00000000ecd00000,0x00000000ecd00000,0x00000000ed100000)
 ParOldGen       total 42496K, used 5270K [0x00000000c2c00000, 0x00000000c5580000, 0x00000000eb980000)
  object space 42496K, 12% used [0x00000000c2c00000,0x00000000c31258b0,0x00000000c5580000)
 Metaspace       used 12728K, capacity 12944K, committed 13184K, reserved 1060864K
  class space    used 1549K, capacity 1623K, committed 1664K, reserved 1048576K
Event: 1206.650 GC heap after
Heap after GC invocations=22 (full 0):
 PSYoungGen      total 18944K, used 160K [0x00000000eb980000, 0x00000000ed000000, 0x0000000100000000)
  eden space 15872K, 0% used [0x00000000eb980000,0x00000000eb980000,0x00000000ec900000)
  from space 3072K, 5% used [0x00000000ecd00000,0x00000000ecd28000,0x00000000ed000000)
  to   space 3584K, 0% used [0x00000000ec900000,0x00000000ec900000,0x00000000ecc80000)
 ParOldGen       total 42496K, used 5270K [0x00000000c2c00000, 0x00000000c5580000, 0x00000000eb980000)
  object space 42496K, 12% used [0x00000000c2c00000,0x00000000c31258b0,0x00000000c5580000)
 Metaspace       used 12728K, capacity 12944K, committed 13184K, reserved 1060864K
  class space    used 1549K, capacity 1623K, committed 1664K, reserved 1048576K
}

