# JRE version: Java(TM) SE Runtime Environment (8.0_65-b17) (build 1.8.0_65-b17)
# Java VM: Java HotSpot(TM) 64-Bit Server VM (25.65-b01 mixed mode windows-amd64 compressed oops)
Heap:
 PSYoungGen      total 15872K, used 15488K [0x00000000eb980000, 0x00000000eca00000, 0x0000000100000000)
  eden space 15360K, 100% used [0x00000000eb980000,0x00000000ec880000,0x00000000ec880000)
  from space 512K, 25% used [0x00000000ec900000,0x00000000ec920000,0x00000000ec980000)
  to   space 512K, 0% used [0x00000000ec980000,0x00000000ec980000,0x00000000eca00000)
 ParOldGen       total 42496K, used 4558K [0x00000000c2c00000, 0x00000000c5580000, 0x00000000eb980000)
  object space 42496K, 10% used [0x00000000c2c00000,0x00000000c3073a60,0x00000000c5580000)
 Metaspace       used 12615K, capacity 12816K, committed 12928K, reserved 1060864K
  class space    used 1550K, capacity 1623K, committed 1664K, reserved 1048576K
GC Heap History (10 events):
Event: 3399.672 GC heap before
{Heap before GC invocations=63 (full 0):
 PSYoungGen      total 15872K, used 15424K [0x00000000eb980000, 0x00000000eca00000, 0x0000000100000000)
  eden space 15360K, 100% used [0x00000000eb980000,0x00000000ec880000,0x00000000ec880000)
  from space 512K, 12% used [0x00000000ec980000,0x00000000ec990000,0x00000000eca00000)
  to   space 512K, 0% used [0x00000000ec900000,0x00000000ec900000,0x00000000ec980000)
 ParOldGen       total 42496K, used 4550K [0x00000000c2c00000, 0x00000000c5580000, 0x00000000eb980000)
  object space 42496K, 10% used [0x00000000c2c00000,0x00000000c3071a60,0x00000000c5580000)
 Metaspace       used 12614K, capacity 12816K, committed 12928K, reserved 1060864K
  class space    used 1549K, capacity 1623K, committed 1664K, reserved 1048576K
Event: 3399.696 GC heap after
Heap after GC invocations=63 (full 0):
 PSYoungGen      total 15872K, used 32K [0x00000000eb980000, 0x00000000eca00000, 0x0000000100000000)
  eden space 15360K, 0% used [0x00000000eb980000,0x00000000eb980000,0x00000000ec880000)
  from space 512K, 6% used [0x00000000ec900000,0x00000000ec908000,0x00000000ec980000)
  to   space 512K, 0% used [0x00000000ec980000,0x00000000ec980000,0x00000000eca00000)
 ParOldGen       total 42496K, used 4550K [0x00000000c2c00000, 0x00000000c5580000, 0x00000000eb980000)
  object space 42496K, 10% used [0x00000000c2c00000,0x00000000c3071a60,0x00000000c5580000)
 Metaspace       used 12614K, capacity 12816K, committed 12928K, reserved 1060864K
  class space    used 1549K, capacity 1623K, committed 1664K, reserved 1048576K
}
Event: 3433.354 GC heap before
{Heap before GC invocations=64 (full 0):
 PSYoungGen      total 15872K, used 15392K [0x00000000eb980000, 0x00000000eca00000, 0x0000000100000000)
  eden space 15360K, 100% used [0x00000000eb980000,0x00000000ec880000,0x00000000ec880000)
  from space 512K, 6% used [0x00000000ec900000,0x00000000ec908000,0x00000000ec980000)
  to   space 512K, 0% used [0x00000000ec980000,0x00000000ec980000,0x00000000eca00000)
 ParOldGen       total 42496K, used 4550K [0x00000000c2c00000, 0x00000000c5580000, 0x00000000eb980000)
  object space 42496K, 10% used [0x00000000c2c00000,0x00000000c3071a60,0x00000000c5580000)
 Metaspace       used 12614K, capacity 12816K, committed 12928K, reserved 1060864K
  class space    used 1549K, capacity 1623K, committed 1664K, reserved 1048576K
Event: 3433.718 GC heap after
Heap after GC invocations=64 (full 0):
 PSYoungGen      total 15872K, used 128K [0x00000000eb980000, 0x00000000eca00000, 0x0000000100000000)
  eden space 15360K, 0% used [0x00000000eb980000,0x00000000eb980000,0x00000000ec880000)
  from space 512K, 25% used [0x00000000ec980000,0x00000000ec9a0000,0x00000000eca00000)
  to   space 512K, 0% used [0x00000000ec900000,0x00000000ec900000,0x00000000ec980000)
 ParOldGen       total 42496K, used 4550K [0x00000000c2c00000, 0x00000000c5580000, 0x00000000eb980000)
  object space 42496K, 10% used [0x00000000c2c00000,0x00000000c3071a60,0x00000000c5580000)
 Metaspace       used 12614K, capacity 12816K, committed 12928K, reserved 1060864K
  class space    used 1549K, capacity 1623K, committed 1664K, reserved 1048576K
}
Event: 3468.576 GC heap before
{Heap before GC invocations=65 (full 0):
 PSYoungGen      total 15872K, used 15488K [0x00000000eb980000, 0x00000000eca00000, 0x0000000100000000)
  eden space 15360K, 100% used [0x00000000eb980000,0x00000000ec880000,0x00000000ec880000)
  from space 512K, 25% used [0x00000000ec980000,0x00000000ec9a0000,0x00000000eca00000)
  to   space 512K, 0% used [0x00000000ec900000,0x00000000ec900000,0x00000000ec980000)
 ParOldGen       total 42496K, used 4550K [0x00000000c2c00000, 0x00000000c5580000, 0x00000000eb980000)
  object space 42496K, 10% used [0x00000000c2c00000,0x00000000c3071a60,0x00000000c5580000)
 Metaspace       used 12615K, capacity 12816K, committed 12928K, reserved 1060864K
  class space    used 1550K, capacity 1623K, committed 1664K, reserved 1048576K
Event: 3468.580 GC heap after
Heap after GC invocations=65 (full 0):
 PSYoungGen      total 15872K, used 64K [0x00000000eb980000, 0x00000000eca00000, 0x0000000100000000)
  eden space 15360K, 0% used [0x00000000eb980000,0x00000000eb980000,0x00000000ec880000)
  from space 512K, 12% used [0x00000000ec900000,0x00000000ec910000,0x00000000ec980000)
  to   space 512K, 0% used [0x00000000ec980000,0x00000000ec980000,0x00000000eca00000)
 ParOldGen       total 42496K, used 4550K [0x00000000c2c00000, 0x00000000c5580000, 0x00000000eb980000)
  object space 42496K, 10% used [0x00000000c2c00000,0x00000000c3071a60,0x00000000c5580000)
 Metaspace       used 12615K, capacity 12816K, committed 12928K, reserved 1060864K
  class space    used 1550K, capacity 1623K, committed 1664K, reserved 1048576K
}
Event: 3496.771 GC heap before
{Heap before GC invocations=66 (full 0):
 PSYoungGen      total 15872K, used 15424K [0x00000000eb980000, 0x00000000eca00000, 0x0000000100000000)
  eden space 15360K, 100% used [0x00000000eb980000,0x00000000ec880000,0x00000000ec880000)
  from space 512K, 12% used [0x00000000ec900000,0x00000000ec910000,0x00000000ec980000)
  to   space 512K, 0% used [0x00000000ec980000,0x00000000ec980000,0x00000000eca00000)
 ParOldGen       total 42496K, used 4550K [0x00000000c2c00000, 0x00000000c5580000, 0x00000000eb980000)
  object space 42496K, 10% used [0x00000000c2c00000,0x00000000c3071a60,0x00000000c5580000)
 Metaspace       used 12615K, capacity 12816K, committed 12928K, reserved 1060864K
  class space    used 1550K, capacity 1623K, committed 1664K, reserved 1048576K
Event: 3497.073 GC heap after
Heap after GC invocations=66 (full 0):
 PSYoungGen      total 15872K, used 96K [0x00000000eb980000, 0x00000000eca00000, 0x0000000100000000)
  eden space 15360K, 0% used [0x00000000eb980000,0x00000000eb980000,0x00000000ec880000)
  from space 512K, 18% used [0x00000000ec980000,0x00000000ec998000,0x00000000eca00000)
  to   space 512K, 0% used [0x00000000ec900000,0x00000000ec900000,0x00000000ec980000)
 ParOldGen       total 42496K, used 4558K [0x00000000c2c00000, 0x00000000c5580000, 0x00000000eb980000)
  object space 42496K, 10% used [0x00000000c2c00000,0x00000000c3073a60,0x00000000c5580000)
 Metaspace       used 12615K, capacity 12816K, committed 12928K, reserved 1060864K
  class space    used 1550K, capacity 1623K, committed 1664K, reserved 1048576K
}
Event: 3551.283 GC heap before
{Heap before GC invocations=67 (full 0):
 PSYoungGen      total 15872K, used 15456K [0x00000000eb980000, 0x00000000eca00000, 0x0000000100000000)
  eden space 15360K, 100% used [0x00000000eb980000,0x00000000ec880000,0x00000000ec880000)
  from space 512K, 18% used [0x00000000ec980000,0x00000000ec998000,0x00000000eca00000)
  to   space 512K, 0% used [0x00000000ec900000,0x00000000ec900000,0x00000000ec980000)
 ParOldGen       total 42496K, used 4558K [0x00000000c2c00000, 0x00000000c5580000, 0x00000000eb980000)
  object space 42496K, 10% used [0x00000000c2c00000,0x00000000c3073a60,0x00000000c5580000)
 Metaspace       used 12615K, capacity 12816K, committed 12928K, reserved 1060864K
  class space    used 1550K, capacity 1623K, committed 1664K, reserved 1048576K
Event: 3551.677 GC heap after
Heap after GC invocations=67 (full 0):
 PSYoungGen      total 15872K, used 128K [0x00000000eb980000, 0x00000000eca00000, 0x0000000100000000)
  eden space 15360K, 0% used [0x00000000eb980000,0x00000000eb980000,0x00000000ec880000)
  from space 512K, 25% used [0x00000000ec900000,0x00000000ec920000,0x00000000ec980000)
  to   space 512K, 0% used [0x00000000ec980000,0x00000000ec980000,0x00000000eca00000)
 ParOldGen       total 42496K, used 4558K [0x00000000c2c00000, 0x00000000c5580000, 0x00000000eb980000)
  object space 42496K, 10% used [0x00000000c2c00000,0x00000000c3073a60,0x00000000c5580000)
 Metaspace       used 12615K, capacity 12816K, committed 12928K, reserved 1060864K
  class space    used 1550K, capacity 1623K, committed 1664K, reserved 1048576K
}

