# JRE version: Java(TM) SE Runtime Environment (8.0_65-b17) (build 1.8.0_65-b17)
# Java VM: Java HotSpot(TM) 64-Bit Server VM (25.65-b01 mixed mode windows-amd64 compressed oops)
Heap:
 PSYoungGen      total 21504K, used 8111K [0x00000000eb980000, 0x00000000ed400000, 0x0000000100000000)
  eden space 15872K, 50% used [0x00000000eb980000,0x00000000ec153fd0,0x00000000ec900000)
  from space 5632K, 1% used [0x00000000ec900000,0x00000000ec918000,0x00000000ece80000)
  to   space 5632K, 0% used [0x00000000ece80000,0x00000000ece80000,0x00000000ed400000)
 ParOldGen       total 42496K, used 5075K [0x00000000c2c00000, 0x00000000c5580000, 0x00000000eb980000)
  object space 42496K, 11% used [0x00000000c2c00000,0x00000000c30f4fd0,0x00000000c5580000)
 Metaspace       used 12784K, capacity 13040K, committed 13184K, reserved 1060864K
  class space    used 1561K, capacity 1655K, committed 1664K, reserved 1048576K
GC Heap History (10 events):
Event: 381.107 GC heap before
{Heap before GC invocations=5 (full 0):
 PSYoungGen      total 18432K, used 18431K [0x00000000eb980000, 0x00000000ece00000, 0x0000000100000000)
  eden space 15872K, 100% used [0x00000000eb980000,0x00000000ec900000,0x00000000ec900000)
  from space 2560K, 99% used [0x00000000ecb80000,0x00000000ecdffe60,0x00000000ece00000)
  to   space 2560K, 0% used [0x00000000ec900000,0x00000000ec900000,0x00000000ecb80000)
 ParOldGen       total 42496K, used 2526K [0x00000000c2c00000, 0x00000000c5580000, 0x00000000eb980000)
  object space 42496K, 5% used [0x00000000c2c00000,0x00000000c2e77ba0,0x00000000c5580000)
 Metaspace       used 12696K, capacity 12912K, committed 13184K, reserved 1060864K
  class space    used 1561K, capacity 1655K, committed 1664K, reserved 1048576K
Event: 381.119 GC heap after
Heap after GC invocations=5 (full 0):
 PSYoungGen      total 18432K, used 2559K [0x00000000eb980000, 0x00000000ed300000, 0x0000000100000000)
  eden space 15872K, 0% used [0x00000000eb980000,0x00000000eb980000,0x00000000ec900000)
  from space 2560K, 99% used [0x00000000ec900000,0x00000000ecb7fe60,0x00000000ecb80000)
  to   space 5120K, 0% used [0x00000000ece00000,0x00000000ece00000,0x00000000ed300000)
 ParOldGen       total 42496K, used 2534K [0x00000000c2c00000, 0x00000000c5580000, 0x00000000eb980000)
  object space 42496K, 5% used [0x00000000c2c00000,0x00000000c2e79ba0,0x00000000c5580000)
 Metaspace       used 12696K, capacity 12912K, committed 13184K, reserved 1060864K
  class space    used 1561K, capacity 1655K, committed 1664K, reserved 1048576K
}
Event: 450.342 GC heap before
{Heap before GC invocations=6 (full 0):
 PSYoungGen      total 18432K, used 18431K [0x00000000eb980000, 0x00000000ed300000, 0x0000000100000000)
  eden space 15872K, 100% used [0x00000000eb980000,0x00000000ec900000,0x00000000ec900000)
  from space 2560K, 99% used [0x00000000ec900000,0x00000000ecb7fe60,0x00000000ecb80000)
  to   space 5120K, 0% used [0x00000000ece00000,0x00000000ece00000,0x00000000ed300000)
 ParOldGen       total 42496K, used 2534K [0x00000000c2c00000, 0x00000000c5580000, 0x00000000eb980000)
  object space 42496K, 5% used [0x00000000c2c00000,0x00000000c2e79ba0,0x00000000c5580000)
 Metaspace       used 12727K, capacity 12976K, committed 13184K, reserved 1060864K
  class space    used 1561K, capacity 1655K, committed 1664K, reserved 1048576K
Event: 450.348 GC heap after
Heap after GC invocations=6 (full 0):
 PSYoungGen      total 20992K, used 2591K [0x00000000eb980000, 0x00000000ed300000, 0x0000000100000000)
  eden space 15872K, 0% used [0x00000000eb980000,0x00000000eb980000,0x00000000ec900000)
  from space 5120K, 50% used [0x00000000ece00000,0x00000000ed087e80,0x00000000ed300000)
  to   space 5120K, 0% used [0x00000000ec900000,0x00000000ec900000,0x00000000ece00000)
 ParOldGen       total 42496K, used 2542K [0x00000000c2c00000, 0x00000000c5580000, 0x00000000eb980000)
  object space 42496K, 5% used [0x00000000c2c00000,0x00000000c2e7bba0,0x00000000c5580000)
 Metaspace       used 12727K, capacity 12976K, committed 13184K, reserved 1060864K
  class space    used 1561K, capacity 1655K, committed 1664K, reserved 1048576K
}
Event: 522.603 GC heap before
{Heap before GC invocations=7 (full 0):
 PSYoungGen      total 20992K, used 18463K [0x00000000eb980000, 0x00000000ed300000, 0x0000000100000000)
  eden space 15872K, 100% used [0x00000000eb980000,0x00000000ec900000,0x00000000ec900000)
  from space 5120K, 50% used [0x00000000ece00000,0x00000000ed087e80,0x00000000ed300000)
  to   space 5120K, 0% used [0x00000000ec900000,0x00000000ec900000,0x00000000ece00000)
 ParOldGen       total 42496K, used 2542K [0x00000000c2c00000, 0x00000000c5580000, 0x00000000eb980000)
  object space 42496K, 5% used [0x00000000c2c00000,0x00000000c2e7bba0,0x00000000c5580000)
 Metaspace       used 12728K, capacity 12976K, committed 13184K, reserved 1060864K
  class space    used 1561K, capacity 1655K, committed 1664K, reserved 1048576K
Event: 522.666 GC heap after
Heap after GC invocations=7 (full 0):
 PSYoungGen      total 20992K, used 96K [0x00000000eb980000, 0x00000000ed400000, 0x0000000100000000)
  eden space 15872K, 0% used [0x00000000eb980000,0x00000000eb980000,0x00000000ec900000)
  from space 5120K, 1% used [0x00000000ec900000,0x00000000ec918000,0x00000000ece00000)
  to   space 5632K, 0% used [0x00000000ece80000,0x00000000ece80000,0x00000000ed400000)
 ParOldGen       total 42496K, used 5051K [0x00000000c2c00000, 0x00000000c5580000, 0x00000000eb980000)
  object space 42496K, 11% used [0x00000000c2c00000,0x00000000c30eefd0,0x00000000c5580000)
 Metaspace       used 12728K, capacity 12976K, committed 13184K, reserved 1060864K
  class space    used 1561K, capacity 1655K, committed 1664K, reserved 1048576K
}
Event: 594.883 GC heap before
{Heap before GC invocations=8 (full 0):
 PSYoungGen      total 20992K, used 15968K [0x00000000eb980000, 0x00000000ed400000, 0x0000000100000000)
  eden space 15872K, 100% used [0x00000000eb980000,0x00000000ec900000,0x00000000ec900000)
  from space 5120K, 1% used [0x00000000ec900000,0x00000000ec918000,0x00000000ece00000)
  to   space 5632K, 0% used [0x00000000ece80000,0x00000000ece80000,0x00000000ed400000)
 ParOldGen       total 42496K, used 5051K [0x00000000c2c00000, 0x00000000c5580000, 0x00000000eb980000)
  object space 42496K, 11% used [0x00000000c2c00000,0x00000000c30eefd0,0x00000000c5580000)
 Metaspace       used 12781K, capacity 13040K, committed 13184K, reserved 1060864K
  class space    used 1561K, capacity 1655K, committed 1664K, reserved 1048576K
Event: 594.899 GC heap after
Heap after GC invocations=8 (full 0):
 PSYoungGen      total 21504K, used 128K [0x00000000eb980000, 0x00000000ed400000, 0x0000000100000000)
  eden space 15872K, 0% used [0x00000000eb980000,0x00000000eb980000,0x00000000ec900000)
  from space 5632K, 2% used [0x00000000ece80000,0x00000000ecea0000,0x00000000ed400000)
  to   space 5632K, 0% used [0x00000000ec900000,0x00000000ec900000,0x00000000ece80000)
 ParOldGen       total 42496K, used 5067K [0x00000000c2c00000, 0x00000000c5580000, 0x00000000eb980000)
  object space 42496K, 11% used [0x00000000c2c00000,0x00000000c30f2fd0,0x00000000c5580000)
 Metaspace       used 12781K, capacity 13040K, committed 13184K, reserved 1060864K
  class space    used 1561K, capacity 1655K, committed 1664K, reserved 1048576K
}
Event: 675.084 GC heap before
{Heap before GC invocations=9 (full 0):
 PSYoungGen      total 21504K, used 16000K [0x00000000eb980000, 0x00000000ed400000, 0x0000000100000000)
  eden space 15872K, 100% used [0x00000000eb980000,0x00000000ec900000,0x00000000ec900000)
  from space 5632K, 2% used [0x00000000ece80000,0x00000000ecea0000,0x00000000ed400000)
  to   space 5632K, 0% used [0x00000000ec900000,0x00000000ec900000,0x00000000ece80000)
 ParOldGen       total 42496K, used 5067K [0x00000000c2c00000, 0x00000000c5580000, 0x00000000eb980000)
  object space 42496K, 11% used [0x00000000c2c00000,0x00000000c30f2fd0,0x00000000c5580000)
 Metaspace       used 12784K, capacity 13040K, committed 13184K, reserved 1060864K
  class space    used 1561K, capacity 1655K, committed 1664K, reserved 1048576K
Event: 675.086 GC heap after
Heap after GC invocations=9 (full 0):
 PSYoungGen      total 21504K, used 96K [0x00000000eb980000, 0x00000000ed400000, 0x0000000100000000)
  eden space 15872K, 0% used [0x00000000eb980000,0x00000000eb980000,0x00000000ec900000)
  from space 5632K, 1% used [0x00000000ec900000,0x00000000ec918000,0x00000000ece80000)
  to   space 5632K, 0% used [0x00000000ece80000,0x00000000ece80000,0x00000000ed400000)
 ParOldGen       total 42496K, used 5075K [0x00000000c2c00000, 0x00000000c5580000, 0x00000000eb980000)
  object space 42496K, 11% used [0x00000000c2c00000,0x00000000c30f4fd0,0x00000000c5580000)
 Metaspace       used 12784K, capacity 13040K, committed 13184K, reserved 1060864K
  class space    used 1561K, capacity 1655K, committed 1664K, reserved 1048576K
}

