# JRE version: Java(TM) SE Runtime Environment (8.0_65-b17) (build 1.8.0_65-b17)
# Java VM: Java HotSpot(TM) 64-Bit Server VM (25.65-b01 mixed mode windows-amd64 compressed oops)
Heap:
 PSYoungGen      total 16384K, used 9644K [0x00000000eb980000, 0x00000000ecb00000, 0x0000000100000000)
  eden space 15872K, 60% used [0x00000000eb980000,0x00000000ec2db308,0x00000000ec900000)
  from space 512K, 12% used [0x00000000ec900000,0x00000000ec910000,0x00000000ec980000)
  to   space 1024K, 0% used [0x00000000eca00000,0x00000000eca00000,0x00000000ecb00000)
 ParOldGen       total 42496K, used 4535K [0x00000000c2c00000, 0x00000000c5580000, 0x00000000eb980000)
  object space 42496K, 10% used [0x00000000c2c00000,0x00000000c306dd78,0x00000000c5580000)
 Metaspace       used 12685K, capacity 12912K, committed 13184K, reserved 1060864K
  class space    used 1556K, capacity 1655K, committed 1664K, reserved 1048576K
GC Heap History (10 events):
Event: 2004.599 GC heap before
{Heap before GC invocations=35 (full 0):
 PSYoungGen      total 17408K, used 16000K [0x00000000eb980000, 0x00000000ecc00000, 0x0000000100000000)
  eden space 15872K, 100% used [0x00000000eb980000,0x00000000ec900000,0x00000000ec900000)
  from space 1536K, 8% used [0x00000000eca80000,0x00000000ecaa0000,0x00000000ecc00000)
  to   space 1536K, 0% used [0x00000000ec900000,0x00000000ec900000,0x00000000eca80000)
 ParOldGen       total 42496K, used 4535K [0x00000000c2c00000, 0x00000000c5580000, 0x00000000eb980000)
  object space 42496K, 10% used [0x00000000c2c00000,0x00000000c306dd78,0x00000000c5580000)
 Metaspace       used 12684K, capacity 12912K, committed 13184K, reserved 1060864K
  class space    used 1556K, capacity 1655K, committed 1664K, reserved 1048576K
Event: 2004.635 GC heap after
Heap after GC invocations=35 (full 0):
 PSYoungGen      total 17408K, used 32K [0x00000000eb980000, 0x00000000ecc00000, 0x0000000100000000)
  eden space 15872K, 0% used [0x00000000eb980000,0x00000000eb980000,0x00000000ec900000)
  from space 1536K, 2% used [0x00000000ec900000,0x00000000ec908000,0x00000000eca80000)
  to   space 1536K, 0% used [0x00000000eca80000,0x00000000eca80000,0x00000000ecc00000)
 ParOldGen       total 42496K, used 4535K [0x00000000c2c00000, 0x00000000c5580000, 0x00000000eb980000)
  object space 42496K, 10% used [0x00000000c2c00000,0x00000000c306dd78,0x00000000c5580000)
 Metaspace       used 12684K, capacity 12912K, committed 13184K, reserved 1060864K
  class space    used 1556K, capacity 1655K, committed 1664K, reserved 1048576K
}
Event: 2035.374 GC heap before
{Heap before GC invocations=36 (full 0):
 PSYoungGen      total 17408K, used 15904K [0x00000000eb980000, 0x00000000ecc00000, 0x0000000100000000)
  eden space 15872K, 100% used [0x00000000eb980000,0x00000000ec900000,0x00000000ec900000)
  from space 1536K, 2% used [0x00000000ec900000,0x00000000ec908000,0x00000000eca80000)
  to   space 1536K, 0% used [0x00000000eca80000,0x00000000eca80000,0x00000000ecc00000)
 ParOldGen       total 42496K, used 4535K [0x00000000c2c00000, 0x00000000c5580000, 0x00000000eb980000)
  object space 42496K, 10% used [0x00000000c2c00000,0x00000000c306dd78,0x00000000c5580000)
 Metaspace       used 12684K, capacity 12912K, committed 13184K, reserved 1060864K
  class space    used 1556K, capacity 1655K, committed 1664K, reserved 1048576K
Event: 2035.496 GC heap after
Heap after GC invocations=36 (full 0):
 PSYoungGen      total 17408K, used 96K [0x00000000eb980000, 0x00000000ecc00000, 0x0000000100000000)
  eden space 15872K, 0% used [0x00000000eb980000,0x00000000eb980000,0x00000000ec900000)
  from space 1536K, 6% used [0x00000000eca80000,0x00000000eca98000,0x00000000ecc00000)
  to   space 1536K, 0% used [0x00000000ec900000,0x00000000ec900000,0x00000000eca80000)
 ParOldGen       total 42496K, used 4535K [0x00000000c2c00000, 0x00000000c5580000, 0x00000000eb980000)
  object space 42496K, 10% used [0x00000000c2c00000,0x00000000c306dd78,0x00000000c5580000)
 Metaspace       used 12684K, capacity 12912K, committed 13184K, reserved 1060864K
  class space    used 1556K, capacity 1655K, committed 1664K, reserved 1048576K
}
Event: 2065.781 GC heap before
{Heap before GC invocations=37 (full 0):
 PSYoungGen      total 17408K, used 15968K [0x00000000eb980000, 0x00000000ecc00000, 0x0000000100000000)
  eden space 15872K, 100% used [0x00000000eb980000,0x00000000ec900000,0x00000000ec900000)
  from space 1536K, 6% used [0x00000000eca80000,0x00000000eca98000,0x00000000ecc00000)
  to   space 1536K, 0% used [0x00000000ec900000,0x00000000ec900000,0x00000000eca80000)
 ParOldGen       total 42496K, used 4535K [0x00000000c2c00000, 0x00000000c5580000, 0x00000000eb980000)
  object space 42496K, 10% used [0x00000000c2c00000,0x00000000c306dd78,0x00000000c5580000)
 Metaspace       used 12684K, capacity 12912K, committed 13184K, reserved 1060864K
  class space    used 1556K, capacity 1655K, committed 1664K, reserved 1048576K
Event: 2065.935 GC heap after
Heap after GC invocations=37 (full 0):
 PSYoungGen      total 17408K, used 128K [0x00000000eb980000, 0x00000000ecc00000, 0x0000000100000000)
  eden space 15872K, 0% used [0x00000000eb980000,0x00000000eb980000,0x00000000ec900000)
  from space 1536K, 8% used [0x00000000ec900000,0x00000000ec920000,0x00000000eca80000)
  to   space 1536K, 0% used [0x00000000eca80000,0x00000000eca80000,0x00000000ecc00000)
 ParOldGen       total 42496K, used 4535K [0x00000000c2c00000, 0x00000000c5580000, 0x00000000eb980000)
  object space 42496K, 10% used [0x00000000c2c00000,0x00000000c306dd78,0x00000000c5580000)
 Metaspace       used 12684K, capacity 12912K, committed 13184K, reserved 1060864K
  class space    used 1556K, capacity 1655K, committed 1664K, reserved 1048576K
}
Event: 2091.396 GC heap before
{Heap before GC invocations=38 (full 0):
 PSYoungGen      total 17408K, used 16000K [0x00000000eb980000, 0x00000000ecc00000, 0x0000000100000000)
  eden space 15872K, 100% used [0x00000000eb980000,0x00000000ec900000,0x00000000ec900000)
  from space 1536K, 8% used [0x00000000ec900000,0x00000000ec920000,0x00000000eca80000)
  to   space 1536K, 0% used [0x00000000eca80000,0x00000000eca80000,0x00000000ecc00000)
 ParOldGen       total 42496K, used 4535K [0x00000000c2c00000, 0x00000000c5580000, 0x00000000eb980000)
  object space 42496K, 10% used [0x00000000c2c00000,0x00000000c306dd78,0x00000000c5580000)
 Metaspace       used 12684K, capacity 12912K, committed 13184K, reserved 1060864K
  class space    used 1556K, capacity 1655K, committed 1664K, reserved 1048576K
Event: 2091.398 GC heap after
Heap after GC invocations=38 (full 0):
 PSYoungGen      total 17408K, used 64K [0x00000000eb980000, 0x00000000ecc00000, 0x0000000100000000)
  eden space 15872K, 0% used [0x00000000eb980000,0x00000000eb980000,0x00000000ec900000)
  from space 1536K, 4% used [0x00000000eca80000,0x00000000eca90000,0x00000000ecc00000)
  to   space 1536K, 0% used [0x00000000ec900000,0x00000000ec900000,0x00000000eca80000)
 ParOldGen       total 42496K, used 4535K [0x00000000c2c00000, 0x00000000c5580000, 0x00000000eb980000)
  object space 42496K, 10% used [0x00000000c2c00000,0x00000000c306dd78,0x00000000c5580000)
 Metaspace       used 12684K, capacity 12912K, committed 13184K, reserved 1060864K
  class space    used 1556K, capacity 1655K, committed 1664K, reserved 1048576K
}
Event: 2145.821 GC heap before
{Heap before GC invocations=39 (full 0):
 PSYoungGen      total 17408K, used 15936K [0x00000000eb980000, 0x00000000ecc00000, 0x0000000100000000)
  eden space 15872K, 100% used [0x00000000eb980000,0x00000000ec900000,0x00000000ec900000)
  from space 1536K, 4% used [0x00000000eca80000,0x00000000eca90000,0x00000000ecc00000)
  to   space 1536K, 0% used [0x00000000ec900000,0x00000000ec900000,0x00000000eca80000)
 ParOldGen       total 42496K, used 4535K [0x00000000c2c00000, 0x00000000c5580000, 0x00000000eb980000)
  object space 42496K, 10% used [0x00000000c2c00000,0x00000000c306dd78,0x00000000c5580000)
 Metaspace       used 12684K, capacity 12912K, committed 13184K, reserved 1060864K
  class space    used 1556K, capacity 1655K, committed 1664K, reserved 1048576K
Event: 2145.822 GC heap after
Heap after GC invocations=39 (full 0):
 PSYoungGen      total 16384K, used 64K [0x00000000eb980000, 0x00000000ecb00000, 0x0000000100000000)
  eden space 15872K, 0% used [0x00000000eb980000,0x00000000eb980000,0x00000000ec900000)
  from space 512K, 12% used [0x00000000ec900000,0x00000000ec910000,0x00000000ec980000)
  to   space 1024K, 0% used [0x00000000eca00000,0x00000000eca00000,0x00000000ecb00000)
 ParOldGen       total 42496K, used 4535K [0x00000000c2c00000, 0x00000000c5580000, 0x00000000eb980000)
  object space 42496K, 10% used [0x00000000c2c00000,0x00000000c306dd78,0x00000000c5580000)
 Metaspace       used 12684K, capacity 12912K, committed 13184K, reserved 1060864K
  class space    used 1556K, capacity 1655K, committed 1664K, reserved 1048576K
}

