# JRE version: Java(TM) SE Runtime Environment (8.0_65-b17) (build 1.8.0_65-b17)
# Java VM: Java HotSpot(TM) 64-Bit Server VM (25.65-b01 mixed mode windows-amd64 compressed oops)
Heap:
 PSYoungGen      total 15872K, used 9426K [0x00000000eb980000, 0x00000000eca00000, 0x0000000100000000)
  eden space 15360K, 60% used [0x00000000eb980000,0x00000000ec29c968,0x00000000ec880000)
  from space 512K, 18% used [0x00000000ec900000,0x00000000ec918000,0x00000000ec980000)
  to   space 512K, 0% used [0x00000000ec980000,0x00000000ec980000,0x00000000eca00000)
 ParOldGen       total 42496K, used 4571K [0x00000000c2c00000, 0x00000000c5580000, 0x00000000eb980000)
  object space 42496K, 10% used [0x00000000c2c00000,0x00000000c3076d88,0x00000000c5580000)
 Metaspace       used 12646K, capacity 12880K, committed 13184K, reserved 1060864K
  class space    used 1543K, capacity 1623K, committed 1664K, reserved 1048576K
GC Heap History (10 events):
Event: 3705.626 GC heap before
{Heap before GC invocations=75 (full 0):
 PSYoungGen      total 15872K, used 15488K [0x00000000eb980000, 0x00000000eca00000, 0x0000000100000000)
  eden space 15360K, 100% used [0x00000000eb980000,0x00000000ec880000,0x00000000ec880000)
  from space 512K, 25% used [0x00000000ec980000,0x00000000ec9a0000,0x00000000eca00000)
  to   space 512K, 0% used [0x00000000ec900000,0x00000000ec900000,0x00000000ec980000)
 ParOldGen       total 42496K, used 4571K [0x00000000c2c00000, 0x00000000c5580000, 0x00000000eb980000)
  object space 42496K, 10% used [0x00000000c2c00000,0x00000000c3076d88,0x00000000c5580000)
 Metaspace       used 12646K, capacity 12880K, committed 13184K, reserved 1060864K
  class space    used 1543K, capacity 1623K, committed 1664K, reserved 1048576K
Event: 3705.627 GC heap after
Heap after GC invocations=75 (full 0):
 PSYoungGen      total 15872K, used 64K [0x00000000eb980000, 0x00000000eca00000, 0x0000000100000000)
  eden space 15360K, 0% used [0x00000000eb980000,0x00000000eb980000,0x00000000ec880000)
  from space 512K, 12% used [0x00000000ec900000,0x00000000ec910000,0x00000000ec980000)
  to   space 512K, 0% used [0x00000000ec980000,0x00000000ec980000,0x00000000eca00000)
 ParOldGen       total 42496K, used 4571K [0x00000000c2c00000, 0x00000000c5580000, 0x00000000eb980000)
  object space 42496K, 10% used [0x00000000c2c00000,0x00000000c3076d88,0x00000000c5580000)
 Metaspace       used 12646K, capacity 12880K, committed 13184K, reserved 1060864K
  class space    used 1543K, capacity 1623K, committed 1664K, reserved 1048576K
}
Event: 3758.237 GC heap before
{Heap before GC invocations=76 (full 0):
 PSYoungGen      total 15872K, used 15424K [0x00000000eb980000, 0x00000000eca00000, 0x0000000100000000)
  eden space 15360K, 100% used [0x00000000eb980000,0x00000000ec880000,0x00000000ec880000)
  from space 512K, 12% used [0x00000000ec900000,0x00000000ec910000,0x00000000ec980000)
  to   space 512K, 0% used [0x00000000ec980000,0x00000000ec980000,0x00000000eca00000)
 ParOldGen       total 42496K, used 4571K [0x00000000c2c00000, 0x00000000c5580000, 0x00000000eb980000)
  object space 42496K, 10% used [0x00000000c2c00000,0x00000000c3076d88,0x00000000c5580000)
 Metaspace       used 12646K, capacity 12880K, committed 13184K, reserved 1060864K
  class space    used 1543K, capacity 1623K, committed 1664K, reserved 1048576K
Event: 3758.239 GC heap after
Heap after GC invocations=76 (full 0):
 PSYoungGen      total 15872K, used 64K [0x00000000eb980000, 0x00000000eca00000, 0x0000000100000000)
  eden space 15360K, 0% used [0x00000000eb980000,0x00000000eb980000,0x00000000ec880000)
  from space 512K, 12% used [0x00000000ec980000,0x00000000ec990000,0x00000000eca00000)
  to   space 512K, 0% used [0x00000000ec900000,0x00000000ec900000,0x00000000ec980000)
 ParOldGen       total 42496K, used 4571K [0x00000000c2c00000, 0x00000000c5580000, 0x00000000eb980000)
  object space 42496K, 10% used [0x00000000c2c00000,0x00000000c3076d88,0x00000000c5580000)
 Metaspace       used 12646K, capacity 12880K, committed 13184K, reserved 1060864K
  class space    used 1543K, capacity 1623K, committed 1664K, reserved 1048576K
}
Event: 3813.057 GC heap before
{Heap before GC invocations=77 (full 0):
 PSYoungGen      total 15872K, used 15424K [0x00000000eb980000, 0x00000000eca00000, 0x0000000100000000)
  eden space 15360K, 100% used [0x00000000eb980000,0x00000000ec880000,0x00000000ec880000)
  from space 512K, 12% used [0x00000000ec980000,0x00000000ec990000,0x00000000eca00000)
  to   space 512K, 0% used [0x00000000ec900000,0x00000000ec900000,0x00000000ec980000)
 ParOldGen       total 42496K, used 4571K [0x00000000c2c00000, 0x00000000c5580000, 0x00000000eb980000)
  object space 42496K, 10% used [0x00000000c2c00000,0x00000000c3076d88,0x00000000c5580000)
 Metaspace       used 12646K, capacity 12880K, committed 13184K, reserved 1060864K
  class space    used 1543K, capacity 1623K, committed 1664K, reserved 1048576K
Event: 3813.059 GC heap after
Heap after GC invocations=77 (full 0):
 PSYoungGen      total 15872K, used 64K [0x00000000eb980000, 0x00000000eca00000, 0x0000000100000000)
  eden space 15360K, 0% used [0x00000000eb980000,0x00000000eb980000,0x00000000ec880000)
  from space 512K, 12% used [0x00000000ec900000,0x00000000ec910000,0x00000000ec980000)
  to   space 512K, 0% used [0x00000000ec980000,0x00000000ec980000,0x00000000eca00000)
 ParOldGen       total 42496K, used 4571K [0x00000000c2c00000, 0x00000000c5580000, 0x00000000eb980000)
  object space 42496K, 10% used [0x00000000c2c00000,0x00000000c3076d88,0x00000000c5580000)
 Metaspace       used 12646K, capacity 12880K, committed 13184K, reserved 1060864K
  class space    used 1543K, capacity 1623K, committed 1664K, reserved 1048576K
}
Event: 3864.542 GC heap before
{Heap before GC invocations=78 (full 0):
 PSYoungGen      total 15872K, used 15424K [0x00000000eb980000, 0x00000000eca00000, 0x0000000100000000)
  eden space 15360K, 100% used [0x00000000eb980000,0x00000000ec880000,0x00000000ec880000)
  from space 512K, 12% used [0x00000000ec900000,0x00000000ec910000,0x00000000ec980000)
  to   space 512K, 0% used [0x00000000ec980000,0x00000000ec980000,0x00000000eca00000)
 ParOldGen       total 42496K, used 4571K [0x00000000c2c00000, 0x00000000c5580000, 0x00000000eb980000)
  object space 42496K, 10% used [0x00000000c2c00000,0x00000000c3076d88,0x00000000c5580000)
 Metaspace       used 12646K, capacity 12880K, committed 13184K, reserved 1060864K
  class space    used 1543K, capacity 1623K, committed 1664K, reserved 1048576K
Event: 3865.992 GC heap after
Heap after GC invocations=78 (full 0):
 PSYoungGen      total 15872K, used 160K [0x00000000eb980000, 0x00000000eca00000, 0x0000000100000000)
  eden space 15360K, 0% used [0x00000000eb980000,0x00000000eb980000,0x00000000ec880000)
  from space 512K, 31% used [0x00000000ec980000,0x00000000ec9a8000,0x00000000eca00000)
  to   space 512K, 0% used [0x00000000ec900000,0x00000000ec900000,0x00000000ec980000)
 ParOldGen       total 42496K, used 4571K [0x00000000c2c00000, 0x00000000c5580000, 0x00000000eb980000)
  object space 42496K, 10% used [0x00000000c2c00000,0x00000000c3076d88,0x00000000c5580000)
 Metaspace       used 12646K, capacity 12880K, committed 13184K, reserved 1060864K
  class space    used 1543K, capacity 1623K, committed 1664K, reserved 1048576K
}
Event: 3901.852 GC heap before
{Heap before GC invocations=79 (full 0):
 PSYoungGen      total 15872K, used 15520K [0x00000000eb980000, 0x00000000eca00000, 0x0000000100000000)
  eden space 15360K, 100% used [0x00000000eb980000,0x00000000ec880000,0x00000000ec880000)
  from space 512K, 31% used [0x00000000ec980000,0x00000000ec9a8000,0x00000000eca00000)
  to   space 512K, 0% used [0x00000000ec900000,0x00000000ec900000,0x00000000ec980000)
 ParOldGen       total 42496K, used 4571K [0x00000000c2c00000, 0x00000000c5580000, 0x00000000eb980000)
  object space 42496K, 10% used [0x00000000c2c00000,0x00000000c3076d88,0x00000000c5580000)
 Metaspace       used 12646K, capacity 12880K, committed 13184K, reserved 1060864K
  class space    used 1543K, capacity 1623K, committed 1664K, reserved 1048576K
Event: 3901.853 GC heap after
Heap after GC invocations=79 (full 0):
 PSYoungGen      total 15872K, used 96K [0x00000000eb980000, 0x00000000eca00000, 0x0000000100000000)
  eden space 15360K, 0% used [0x00000000eb980000,0x00000000eb980000,0x00000000ec880000)
  from space 512K, 18% used [0x00000000ec900000,0x00000000ec918000,0x00000000ec980000)
  to   space 512K, 0% used [0x00000000ec980000,0x00000000ec980000,0x00000000eca00000)
 ParOldGen       total 42496K, used 4571K [0x00000000c2c00000, 0x00000000c5580000, 0x00000000eb980000)
  object space 42496K, 10% used [0x00000000c2c00000,0x00000000c3076d88,0x00000000c5580000)
 Metaspace       used 12646K, capacity 12880K, committed 13184K, reserved 1060864K
  class space    used 1543K, capacity 1623K, committed 1664K, reserved 1048576K
}

