# JRE version: Java(TM) SE Runtime Environment (8.0_65-b17) (build 1.8.0_65-b17)
# Java VM: Java HotSpot(TM) 64-Bit Server VM (25.65-b01 mixed mode windows-amd64 compressed oops)
Heap:
 PSYoungGen      total 19968K, used 13061K [0x00000000eb980000, 0x00000000ed100000, 0x0000000100000000)
  eden space 15872K, 82% used [0x00000000eb980000,0x00000000ec639740,0x00000000ec900000)
  from space 4096K, 0% used [0x00000000ecd00000,0x00000000ecd08000,0x00000000ed100000)
  to   space 4096K, 0% used [0x00000000ec900000,0x00000000ec900000,0x00000000ecd00000)
 ParOldGen       total 42496K, used 5150K [0x00000000c2c00000, 0x00000000c5580000, 0x00000000eb980000)
  object space 42496K, 12% used [0x00000000c2c00000,0x00000000c3107bd8,0x00000000c5580000)
 Metaspace       used 12706K, capacity 12912K, committed 13184K, reserved 1060864K
  class space    used 1567K, capacity 1655K, committed 1664K, reserved 1048576K
GC Heap History (10 events):
Event: 884.312 GC heap before
{Heap before GC invocations=16 (full 0):
 PSYoungGen      total 20992K, used 15936K [0x00000000eb980000, 0x00000000ed300000, 0x0000000100000000)
  eden space 15872K, 100% used [0x00000000eb980000,0x00000000ec900000,0x00000000ec900000)
  from space 5120K, 1% used [0x00000000ec900000,0x00000000ec910000,0x00000000ece00000)
  to   space 5120K, 0% used [0x00000000ece00000,0x00000000ece00000,0x00000000ed300000)
 ParOldGen       total 42496K, used 5110K [0x00000000c2c00000, 0x00000000c5580000, 0x00000000eb980000)
  object space 42496K, 12% used [0x00000000c2c00000,0x00000000c30fdbd8,0x00000000c5580000)
 Metaspace       used 12703K, capacity 12912K, committed 13184K, reserved 1060864K
  class space    used 1567K, capacity 1655K, committed 1664K, reserved 1048576K
Event: 884.314 GC heap after
Heap after GC invocations=16 (full 0):
 PSYoungGen      total 19968K, used 96K [0x00000000eb980000, 0x00000000ed200000, 0x0000000100000000)
  eden space 15872K, 0% used [0x00000000eb980000,0x00000000eb980000,0x00000000ec900000)
  from space 4096K, 2% used [0x00000000ece00000,0x00000000ece18000,0x00000000ed200000)
  to   space 4608K, 0% used [0x00000000ec900000,0x00000000ec900000,0x00000000ecd80000)
 ParOldGen       total 42496K, used 5118K [0x00000000c2c00000, 0x00000000c5580000, 0x00000000eb980000)
  object space 42496K, 12% used [0x00000000c2c00000,0x00000000c30ffbd8,0x00000000c5580000)
 Metaspace       used 12703K, capacity 12912K, committed 13184K, reserved 1060864K
  class space    used 1567K, capacity 1655K, committed 1664K, reserved 1048576K
}
Event: 934.788 GC heap before
{Heap before GC invocations=17 (full 0):
 PSYoungGen      total 19968K, used 15968K [0x00000000eb980000, 0x00000000ed200000, 0x0000000100000000)
  eden space 15872K, 100% used [0x00000000eb980000,0x00000000ec900000,0x00000000ec900000)
  from space 4096K, 2% used [0x00000000ece00000,0x00000000ece18000,0x00000000ed200000)
  to   space 4608K, 0% used [0x00000000ec900000,0x00000000ec900000,0x00000000ecd80000)
 ParOldGen       total 42496K, used 5118K [0x00000000c2c00000, 0x00000000c5580000, 0x00000000eb980000)
  object space 42496K, 12% used [0x00000000c2c00000,0x00000000c30ffbd8,0x00000000c5580000)
 Metaspace       used 12705K, capacity 12912K, committed 13184K, reserved 1060864K
  class space    used 1567K, capacity 1655K, committed 1664K, reserved 1048576K
Event: 934.790 GC heap after
Heap after GC invocations=17 (full 0):
 PSYoungGen      total 20480K, used 96K [0x00000000eb980000, 0x00000000ed200000, 0x0000000100000000)
  eden space 15872K, 0% used [0x00000000eb980000,0x00000000eb980000,0x00000000ec900000)
  from space 4608K, 2% used [0x00000000ec900000,0x00000000ec918000,0x00000000ecd80000)
  to   space 4608K, 0% used [0x00000000ecd80000,0x00000000ecd80000,0x00000000ed200000)
 ParOldGen       total 42496K, used 5134K [0x00000000c2c00000, 0x00000000c5580000, 0x00000000eb980000)
  object space 42496K, 12% used [0x00000000c2c00000,0x00000000c3103bd8,0x00000000c5580000)
 Metaspace       used 12705K, capacity 12912K, committed 13184K, reserved 1060864K
  class space    used 1567K, capacity 1655K, committed 1664K, reserved 1048576K
}
Event: 986.520 GC heap before
{Heap before GC invocations=18 (full 0):
 PSYoungGen      total 20480K, used 15968K [0x00000000eb980000, 0x00000000ed200000, 0x0000000100000000)
  eden space 15872K, 100% used [0x00000000eb980000,0x00000000ec900000,0x00000000ec900000)
  from space 4608K, 2% used [0x00000000ec900000,0x00000000ec918000,0x00000000ecd80000)
  to   space 4608K, 0% used [0x00000000ecd80000,0x00000000ecd80000,0x00000000ed200000)
 ParOldGen       total 42496K, used 5134K [0x00000000c2c00000, 0x00000000c5580000, 0x00000000eb980000)
  object space 42496K, 12% used [0x00000000c2c00000,0x00000000c3103bd8,0x00000000c5580000)
 Metaspace       used 12705K, capacity 12912K, committed 13184K, reserved 1060864K
  class space    used 1567K, capacity 1655K, committed 1664K, reserved 1048576K
Event: 986.677 GC heap after
Heap after GC invocations=18 (full 0):
 PSYoungGen      total 20480K, used 128K [0x00000000eb980000, 0x00000000ed200000, 0x0000000100000000)
  eden space 15872K, 0% used [0x00000000eb980000,0x00000000eb980000,0x00000000ec900000)
  from space 4608K, 2% used [0x00000000ecd80000,0x00000000ecda0000,0x00000000ed200000)
  to   space 4608K, 0% used [0x00000000ec900000,0x00000000ec900000,0x00000000ecd80000)
 ParOldGen       total 42496K, used 5142K [0x00000000c2c00000, 0x00000000c5580000, 0x00000000eb980000)
  object space 42496K, 12% used [0x00000000c2c00000,0x00000000c3105bd8,0x00000000c5580000)
 Metaspace       used 12705K, capacity 12912K, committed 13184K, reserved 1060864K
  class space    used 1567K, capacity 1655K, committed 1664K, reserved 1048576K
}
Event: 1042.902 GC heap before
{Heap before GC invocations=19 (full 0):
 PSYoungGen      total 20480K, used 16000K [0x00000000eb980000, 0x00000000ed200000, 0x0000000100000000)
  eden space 15872K, 100% used [0x00000000eb980000,0x00000000ec900000,0x00000000ec900000)
  from space 4608K, 2% used [0x00000000ecd80000,0x00000000ecda0000,0x00000000ed200000)
  to   space 4608K, 0% used [0x00000000ec900000,0x00000000ec900000,0x00000000ecd80000)
 ParOldGen       total 42496K, used 5142K [0x00000000c2c00000, 0x00000000c5580000, 0x00000000eb980000)
  object space 42496K, 12% used [0x00000000c2c00000,0x00000000c3105bd8,0x00000000c5580000)
 Metaspace       used 12705K, capacity 12912K, committed 13184K, reserved 1060864K
  class space    used 1567K, capacity 1655K, committed 1664K, reserved 1048576K
Event: 1042.903 GC heap after
Heap after GC invocations=19 (full 0):
 PSYoungGen      total 16384K, used 64K [0x00000000eb980000, 0x00000000ed100000, 0x0000000100000000)
  eden space 15872K, 0% used [0x00000000eb980000,0x00000000eb980000,0x00000000ec900000)
  from space 512K, 12% used [0x00000000ec900000,0x00000000ec910000,0x00000000ec980000)
  to   space 4096K, 0% used [0x00000000ecd00000,0x00000000ecd00000,0x00000000ed100000)
 ParOldGen       total 42496K, used 5142K [0x00000000c2c00000, 0x00000000c5580000, 0x00000000eb980000)
  object space 42496K, 12% used [0x00000000c2c00000,0x00000000c3105bd8,0x00000000c5580000)
 Metaspace       used 12705K, capacity 12912K, committed 13184K, reserved 1060864K
  class space    used 1567K, capacity 1655K, committed 1664K, reserved 1048576K
}
Event: 1088.623 GC heap before
{Heap before GC invocations=20 (full 0):
 PSYoungGen      total 16384K, used 15936K [0x00000000eb980000, 0x00000000ed100000, 0x0000000100000000)
  eden space 15872K, 100% used [0x00000000eb980000,0x00000000ec900000,0x00000000ec900000)
  from space 512K, 12% used [0x00000000ec900000,0x00000000ec910000,0x00000000ec980000)
  to   space 4096K, 0% used [0x00000000ecd00000,0x00000000ecd00000,0x00000000ed100000)
 ParOldGen       total 42496K, used 5142K [0x00000000c2c00000, 0x00000000c5580000, 0x00000000eb980000)
  object space 42496K, 12% used [0x00000000c2c00000,0x00000000c3105bd8,0x00000000c5580000)
 Metaspace       used 12705K, capacity 12912K, committed 13184K, reserved 1060864K
  class space    used 1567K, capacity 1655K, committed 1664K, reserved 1048576K
Event: 1088.624 GC heap after
Heap after GC invocations=20 (full 0):
 PSYoungGen      total 19968K, used 32K [0x00000000eb980000, 0x00000000ed100000, 0x0000000100000000)
  eden space 15872K, 0% used [0x00000000eb980000,0x00000000eb980000,0x00000000ec900000)
  from space 4096K, 0% used [0x00000000ecd00000,0x00000000ecd08000,0x00000000ed100000)
  to   space 4096K, 0% used [0x00000000ec900000,0x00000000ec900000,0x00000000ecd00000)
 ParOldGen       total 42496K, used 5150K [0x00000000c2c00000, 0x00000000c5580000, 0x00000000eb980000)
  object space 42496K, 12% used [0x00000000c2c00000,0x00000000c3107bd8,0x00000000c5580000)
 Metaspace       used 12705K, capacity 12912K, committed 13184K, reserved 1060864K
  class space    used 1567K, capacity 1655K, committed 1664K, reserved 1048576K
}

