# JRE version: Java(TM) SE Runtime Environment (8.0_65-b17) (build 1.8.0_65-b17)
# Java VM: Java HotSpot(TM) 64-Bit Server VM (25.65-b01 mixed mode windows-amd64 compressed oops)
Heap:
 PSYoungGen      total 23552K, used 3471K [0x00000000eb980000, 0x00000000ed800000, 0x0000000100000000)
  eden space 15872K, 21% used [0x00000000eb980000,0x00000000ebcd3db0,0x00000000ec900000)
  from space 7680K, 0% used [0x00000000ec900000,0x00000000ec910000,0x00000000ed080000)
  to   space 7680K, 0% used [0x00000000ed080000,0x00000000ed080000,0x00000000ed800000)
 ParOldGen       total 42496K, used 8863K [0x00000000c2c00000, 0x00000000c5580000, 0x00000000eb980000)
  object space 42496K, 20% used [0x00000000c2c00000,0x00000000c34a7c80,0x00000000c5580000)
 Metaspace       used 12931K, capacity 13168K, committed 13440K, reserved 1060864K
  class space    used 1558K, capacity 1655K, committed 1664K, reserved 1048576K
GC Heap History (10 events):
Event: 338.030 GC heap before
{Heap before GC invocations=5 (full 0):
 PSYoungGen      total 18432K, used 18431K [0x00000000eb980000, 0x00000000ece00000, 0x0000000100000000)
  eden space 15872K, 100% used [0x00000000eb980000,0x00000000ec900000,0x00000000ec900000)
  from space 2560K, 99% used [0x00000000ecb80000,0x00000000ecdffe60,0x00000000ece00000)
  to   space 2560K, 0% used [0x00000000ec900000,0x00000000ec900000,0x00000000ecb80000)
 ParOldGen       total 42496K, used 6318K [0x00000000c2c00000, 0x00000000c5580000, 0x00000000eb980000)
  object space 42496K, 14% used [0x00000000c2c00000,0x00000000c322b860,0x00000000c5580000)
 Metaspace       used 12822K, capacity 13040K, committed 13184K, reserved 1060864K
  class space    used 1558K, capacity 1655K, committed 1664K, reserved 1048576K
Event: 338.042 GC heap after
Heap after GC invocations=5 (full 0):
 PSYoungGen      total 18432K, used 2559K [0x00000000eb980000, 0x00000000ed800000, 0x0000000100000000)
  eden space 15872K, 0% used [0x00000000eb980000,0x00000000eb980000,0x00000000ec900000)
  from space 2560K, 99% used [0x00000000ec900000,0x00000000ecb7fe60,0x00000000ecb80000)
  to   space 7680K, 0% used [0x00000000ed080000,0x00000000ed080000,0x00000000ed800000)
 ParOldGen       total 42496K, used 6326K [0x00000000c2c00000, 0x00000000c5580000, 0x00000000eb980000)
  object space 42496K, 14% used [0x00000000c2c00000,0x00000000c322d860,0x00000000c5580000)
 Metaspace       used 12822K, capacity 13040K, committed 13184K, reserved 1060864K
  class space    used 1558K, capacity 1655K, committed 1664K, reserved 1048576K
}
Event: 422.392 GC heap before
{Heap before GC invocations=6 (full 0):
 PSYoungGen      total 18432K, used 18431K [0x00000000eb980000, 0x00000000ed800000, 0x0000000100000000)
  eden space 15872K, 100% used [0x00000000eb980000,0x00000000ec900000,0x00000000ec900000)
  from space 2560K, 99% used [0x00000000ec900000,0x00000000ecb7fe60,0x00000000ecb80000)
  to   space 7680K, 0% used [0x00000000ed080000,0x00000000ed080000,0x00000000ed800000)
 ParOldGen       total 42496K, used 6326K [0x00000000c2c00000, 0x00000000c5580000, 0x00000000eb980000)
  object space 42496K, 14% used [0x00000000c2c00000,0x00000000c322d860,0x00000000c5580000)
 Metaspace       used 12881K, capacity 13104K, committed 13184K, reserved 1060864K
  class space    used 1558K, capacity 1655K, committed 1664K, reserved 1048576K
Event: 422.406 GC heap after
Heap after GC invocations=6 (full 0):
 PSYoungGen      total 22528K, used 2575K [0x00000000eb980000, 0x00000000ed700000, 0x0000000100000000)
  eden space 15872K, 0% used [0x00000000eb980000,0x00000000eb980000,0x00000000ec900000)
  from space 6656K, 38% used [0x00000000ed080000,0x00000000ed303e70,0x00000000ed700000)
  to   space 7168K, 0% used [0x00000000ec900000,0x00000000ec900000,0x00000000ed000000)
 ParOldGen       total 42496K, used 6334K [0x00000000c2c00000, 0x00000000c5580000, 0x00000000eb980000)
  object space 42496K, 14% used [0x00000000c2c00000,0x00000000c322f860,0x00000000c5580000)
 Metaspace       used 12881K, capacity 13104K, committed 13184K, reserved 1060864K
  class space    used 1558K, capacity 1655K, committed 1664K, reserved 1048576K
}
Event: 504.657 GC heap before
{Heap before GC invocations=7 (full 0):
 PSYoungGen      total 22528K, used 18447K [0x00000000eb980000, 0x00000000ed700000, 0x0000000100000000)
  eden space 15872K, 100% used [0x00000000eb980000,0x00000000ec900000,0x00000000ec900000)
  from space 6656K, 38% used [0x00000000ed080000,0x00000000ed303e70,0x00000000ed700000)
  to   space 7168K, 0% used [0x00000000ec900000,0x00000000ec900000,0x00000000ed000000)
 ParOldGen       total 42496K, used 6334K [0x00000000c2c00000, 0x00000000c5580000, 0x00000000eb980000)
  object space 42496K, 14% used [0x00000000c2c00000,0x00000000c322f860,0x00000000c5580000)
 Metaspace       used 12883K, capacity 13104K, committed 13184K, reserved 1060864K
  class space    used 1558K, capacity 1655K, committed 1664K, reserved 1048576K
Event: 504.752 GC heap after
Heap after GC invocations=7 (full 0):
 PSYoungGen      total 23040K, used 128K [0x00000000eb980000, 0x00000000ed800000, 0x0000000100000000)
  eden space 15872K, 0% used [0x00000000eb980000,0x00000000eb980000,0x00000000ec900000)
  from space 7168K, 1% used [0x00000000ec900000,0x00000000ec920000,0x00000000ed000000)
  to   space 7680K, 0% used [0x00000000ed080000,0x00000000ed080000,0x00000000ed800000)
 ParOldGen       total 42496K, used 8847K [0x00000000c2c00000, 0x00000000c5580000, 0x00000000eb980000)
  object space 42496K, 20% used [0x00000000c2c00000,0x00000000c34a3c80,0x00000000c5580000)
 Metaspace       used 12883K, capacity 13104K, committed 13184K, reserved 1060864K
  class space    used 1558K, capacity 1655K, committed 1664K, reserved 1048576K
}
Event: 585.555 GC heap before
{Heap before GC invocations=8 (full 0):
 PSYoungGen      total 23040K, used 16000K [0x00000000eb980000, 0x00000000ed800000, 0x0000000100000000)
  eden space 15872K, 100% used [0x00000000eb980000,0x00000000ec900000,0x00000000ec900000)
  from space 7168K, 1% used [0x00000000ec900000,0x00000000ec920000,0x00000000ed000000)
  to   space 7680K, 0% used [0x00000000ed080000,0x00000000ed080000,0x00000000ed800000)
 ParOldGen       total 42496K, used 8847K [0x00000000c2c00000, 0x00000000c5580000, 0x00000000eb980000)
  object space 42496K, 20% used [0x00000000c2c00000,0x00000000c34a3c80,0x00000000c5580000)
 Metaspace       used 12928K, capacity 13168K, committed 13440K, reserved 1060864K
  class space    used 1558K, capacity 1655K, committed 1664K, reserved 1048576K
Event: 585.557 GC heap after
Heap after GC invocations=8 (full 0):
 PSYoungGen      total 23552K, used 64K [0x00000000eb980000, 0x00000000ed800000, 0x0000000100000000)
  eden space 15872K, 0% used [0x00000000eb980000,0x00000000eb980000,0x00000000ec900000)
  from space 7680K, 0% used [0x00000000ed080000,0x00000000ed090000,0x00000000ed800000)
  to   space 7680K, 0% used [0x00000000ec900000,0x00000000ec900000,0x00000000ed080000)
 ParOldGen       total 42496K, used 8855K [0x00000000c2c00000, 0x00000000c5580000, 0x00000000eb980000)
  object space 42496K, 20% used [0x00000000c2c00000,0x00000000c34a5c80,0x00000000c5580000)
 Metaspace       used 12928K, capacity 13168K, committed 13440K, reserved 1060864K
  class space    used 1558K, capacity 1655K, committed 1664K, reserved 1048576K
}
Event: 676.660 GC heap before
{Heap before GC invocations=9 (full 0):
 PSYoungGen      total 23552K, used 15936K [0x00000000eb980000, 0x00000000ed800000, 0x0000000100000000)
  eden space 15872K, 100% used [0x00000000eb980000,0x00000000ec900000,0x00000000ec900000)
  from space 7680K, 0% used [0x00000000ed080000,0x00000000ed090000,0x00000000ed800000)
  to   space 7680K, 0% used [0x00000000ec900000,0x00000000ec900000,0x00000000ed080000)
 ParOldGen       total 42496K, used 8855K [0x00000000c2c00000, 0x00000000c5580000, 0x00000000eb980000)
  object space 42496K, 20% used [0x00000000c2c00000,0x00000000c34a5c80,0x00000000c5580000)
 Metaspace       used 12931K, capacity 13168K, committed 13440K, reserved 1060864K
  class space    used 1558K, capacity 1655K, committed 1664K, reserved 1048576K
Event: 676.662 GC heap after
Heap after GC invocations=9 (full 0):
 PSYoungGen      total 23552K, used 64K [0x00000000eb980000, 0x00000000ed800000, 0x0000000100000000)
  eden space 15872K, 0% used [0x00000000eb980000,0x00000000eb980000,0x00000000ec900000)
  from space 7680K, 0% used [0x00000000ec900000,0x00000000ec910000,0x00000000ed080000)
  to   space 7680K, 0% used [0x00000000ed080000,0x00000000ed080000,0x00000000ed800000)
 ParOldGen       total 42496K, used 8863K [0x00000000c2c00000, 0x00000000c5580000, 0x00000000eb980000)
  object space 42496K, 20% used [0x00000000c2c00000,0x00000000c34a7c80,0x00000000c5580000)
 Metaspace       used 12931K, capacity 13168K, committed 13440K, reserved 1060864K
  class space    used 1558K, capacity 1655K, committed 1664K, reserved 1048576K
}

