# JRE version: Java(TM) SE Runtime Environment (8.0_65-b17) (build 1.8.0_65-b17)
# Java VM: Java HotSpot(TM) 64-Bit Server VM (25.65-b01 mixed mode windows-amd64 compressed oops)
Heap:
 PSYoungGen      total 18432K, used 1949K [0x00000000eb980000, 0x00000000ece00000, 0x0000000100000000)
  eden space 15872K, 11% used [0x00000000eb980000,0x00000000ebb47478,0x00000000ec900000)
  from space 2560K, 5% used [0x00000000ecb80000,0x00000000ecba0000,0x00000000ece00000)
  to   space 2560K, 0% used [0x00000000ec900000,0x00000000ec900000,0x00000000ecb80000)
 ParOldGen       total 42496K, used 4518K [0x00000000c2c00000, 0x00000000c5580000, 0x00000000eb980000)
  object space 42496K, 10% used [0x00000000c2c00000,0x00000000c3069a40,0x00000000c5580000)
 Metaspace       used 12756K, capacity 12976K, committed 13184K, reserved 1060864K
  class space    used 1556K, capacity 1655K, committed 1664K, reserved 1048576K
GC Heap History (10 events):
Event: 1485.860 GC heap before
{Heap before GC invocations=24 (full 0):
 PSYoungGen      total 16384K, used 15968K [0x00000000eb980000, 0x00000000ecf00000, 0x0000000100000000)
  eden space 15872K, 100% used [0x00000000eb980000,0x00000000ec900000,0x00000000ec900000)
  from space 512K, 18% used [0x00000000ec900000,0x00000000ec918000,0x00000000ec980000)
  to   space 3072K, 0% used [0x00000000ecc00000,0x00000000ecc00000,0x00000000ecf00000)
 ParOldGen       total 42496K, used 4494K [0x00000000c2c00000, 0x00000000c5580000, 0x00000000eb980000)
  object space 42496K, 10% used [0x00000000c2c00000,0x00000000c3063a40,0x00000000c5580000)
 Metaspace       used 12756K, capacity 12976K, committed 13184K, reserved 1060864K
  class space    used 1556K, capacity 1655K, committed 1664K, reserved 1048576K
Event: 1485.936 GC heap after
Heap after GC invocations=24 (full 0):
 PSYoungGen      total 18944K, used 160K [0x00000000eb980000, 0x00000000ecf00000, 0x0000000100000000)
  eden space 15872K, 0% used [0x00000000eb980000,0x00000000eb980000,0x00000000ec900000)
  from space 3072K, 5% used [0x00000000ecc00000,0x00000000ecc28000,0x00000000ecf00000)
  to   space 3072K, 0% used [0x00000000ec900000,0x00000000ec900000,0x00000000ecc00000)
 ParOldGen       total 42496K, used 4502K [0x00000000c2c00000, 0x00000000c5580000, 0x00000000eb980000)
  object space 42496K, 10% used [0x00000000c2c00000,0x00000000c3065a40,0x00000000c5580000)
 Metaspace       used 12756K, capacity 12976K, committed 13184K, reserved 1060864K
  class space    used 1556K, capacity 1655K, committed 1664K, reserved 1048576K
}
Event: 1537.345 GC heap before
{Heap before GC invocations=25 (full 0):
 PSYoungGen      total 18944K, used 16032K [0x00000000eb980000, 0x00000000ecf00000, 0x0000000100000000)
  eden space 15872K, 100% used [0x00000000eb980000,0x00000000ec900000,0x00000000ec900000)
  from space 3072K, 5% used [0x00000000ecc00000,0x00000000ecc28000,0x00000000ecf00000)
  to   space 3072K, 0% used [0x00000000ec900000,0x00000000ec900000,0x00000000ecc00000)
 ParOldGen       total 42496K, used 4502K [0x00000000c2c00000, 0x00000000c5580000, 0x00000000eb980000)
  object space 42496K, 10% used [0x00000000c2c00000,0x00000000c3065a40,0x00000000c5580000)
 Metaspace       used 12756K, capacity 12976K, committed 13184K, reserved 1060864K
  class space    used 1556K, capacity 1655K, committed 1664K, reserved 1048576K
Event: 1537.347 GC heap after
Heap after GC invocations=25 (full 0):
 PSYoungGen      total 18944K, used 96K [0x00000000eb980000, 0x00000000ecf00000, 0x0000000100000000)
  eden space 15872K, 0% used [0x00000000eb980000,0x00000000eb980000,0x00000000ec900000)
  from space 3072K, 3% used [0x00000000ec900000,0x00000000ec918000,0x00000000ecc00000)
  to   space 3072K, 0% used [0x00000000ecc00000,0x00000000ecc00000,0x00000000ecf00000)
 ParOldGen       total 42496K, used 4502K [0x00000000c2c00000, 0x00000000c5580000, 0x00000000eb980000)
  object space 42496K, 10% used [0x00000000c2c00000,0x00000000c3065a40,0x00000000c5580000)
 Metaspace       used 12756K, capacity 12976K, committed 13184K, reserved 1060864K
  class space    used 1556K, capacity 1655K, committed 1664K, reserved 1048576K
}
Event: 1588.712 GC heap before
{Heap before GC invocations=26 (full 0):
 PSYoungGen      total 18944K, used 15968K [0x00000000eb980000, 0x00000000ecf00000, 0x0000000100000000)
  eden space 15872K, 100% used [0x00000000eb980000,0x00000000ec900000,0x00000000ec900000)
  from space 3072K, 3% used [0x00000000ec900000,0x00000000ec918000,0x00000000ecc00000)
  to   space 3072K, 0% used [0x00000000ecc00000,0x00000000ecc00000,0x00000000ecf00000)
 ParOldGen       total 42496K, used 4502K [0x00000000c2c00000, 0x00000000c5580000, 0x00000000eb980000)
  object space 42496K, 10% used [0x00000000c2c00000,0x00000000c3065a40,0x00000000c5580000)
 Metaspace       used 12756K, capacity 12976K, committed 13184K, reserved 1060864K
  class space    used 1556K, capacity 1655K, committed 1664K, reserved 1048576K
Event: 1588.760 GC heap after
Heap after GC invocations=26 (full 0):
 PSYoungGen      total 17920K, used 128K [0x00000000eb980000, 0x00000000ece00000, 0x0000000100000000)
  eden space 15872K, 0% used [0x00000000eb980000,0x00000000eb980000,0x00000000ec900000)
  from space 2048K, 6% used [0x00000000ecc00000,0x00000000ecc20000,0x00000000ece00000)
  to   space 2560K, 0% used [0x00000000ec900000,0x00000000ec900000,0x00000000ecb80000)
 ParOldGen       total 42496K, used 4510K [0x00000000c2c00000, 0x00000000c5580000, 0x00000000eb980000)
  object space 42496K, 10% used [0x00000000c2c00000,0x00000000c3067a40,0x00000000c5580000)
 Metaspace       used 12756K, capacity 12976K, committed 13184K, reserved 1060864K
  class space    used 1556K, capacity 1655K, committed 1664K, reserved 1048576K
}
Event: 1646.912 GC heap before
{Heap before GC invocations=27 (full 0):
 PSYoungGen      total 17920K, used 16000K [0x00000000eb980000, 0x00000000ece00000, 0x0000000100000000)
  eden space 15872K, 100% used [0x00000000eb980000,0x00000000ec900000,0x00000000ec900000)
  from space 2048K, 6% used [0x00000000ecc00000,0x00000000ecc20000,0x00000000ece00000)
  to   space 2560K, 0% used [0x00000000ec900000,0x00000000ec900000,0x00000000ecb80000)
 ParOldGen       total 42496K, used 4510K [0x00000000c2c00000, 0x00000000c5580000, 0x00000000eb980000)
  object space 42496K, 10% used [0x00000000c2c00000,0x00000000c3067a40,0x00000000c5580000)
 Metaspace       used 12756K, capacity 12976K, committed 13184K, reserved 1060864K
  class space    used 1556K, capacity 1655K, committed 1664K, reserved 1048576K
Event: 1646.914 GC heap after
Heap after GC invocations=27 (full 0):
 PSYoungGen      total 18432K, used 64K [0x00000000eb980000, 0x00000000ece00000, 0x0000000100000000)
  eden space 15872K, 0% used [0x00000000eb980000,0x00000000eb980000,0x00000000ec900000)
  from space 2560K, 2% used [0x00000000ec900000,0x00000000ec910000,0x00000000ecb80000)
  to   space 2560K, 0% used [0x00000000ecb80000,0x00000000ecb80000,0x00000000ece00000)
 ParOldGen       total 42496K, used 4510K [0x00000000c2c00000, 0x00000000c5580000, 0x00000000eb980000)
  object space 42496K, 10% used [0x00000000c2c00000,0x00000000c3067a40,0x00000000c5580000)
 Metaspace       used 12756K, capacity 12976K, committed 13184K, reserved 1060864K
  class space    used 1556K, capacity 1655K, committed 1664K, reserved 1048576K
}
Event: 1672.524 GC heap before
{Heap before GC invocations=28 (full 0):
 PSYoungGen      total 18432K, used 15936K [0x00000000eb980000, 0x00000000ece00000, 0x0000000100000000)
  eden space 15872K, 100% used [0x00000000eb980000,0x00000000ec900000,0x00000000ec900000)
  from space 2560K, 2% used [0x00000000ec900000,0x00000000ec910000,0x00000000ecb80000)
  to   space 2560K, 0% used [0x00000000ecb80000,0x00000000ecb80000,0x00000000ece00000)
 ParOldGen       total 42496K, used 4510K [0x00000000c2c00000, 0x00000000c5580000, 0x00000000eb980000)
  object space 42496K, 10% used [0x00000000c2c00000,0x00000000c3067a40,0x00000000c5580000)
 Metaspace       used 12756K, capacity 12976K, committed 13184K, reserved 1060864K
  class space    used 1556K, capacity 1655K, committed 1664K, reserved 1048576K
Event: 1672.567 GC heap after
Heap after GC invocations=28 (full 0):
 PSYoungGen      total 18432K, used 128K [0x00000000eb980000, 0x00000000ece00000, 0x0000000100000000)
  eden space 15872K, 0% used [0x00000000eb980000,0x00000000eb980000,0x00000000ec900000)
  from space 2560K, 5% used [0x00000000ecb80000,0x00000000ecba0000,0x00000000ece00000)
  to   space 2560K, 0% used [0x00000000ec900000,0x00000000ec900000,0x00000000ecb80000)
 ParOldGen       total 42496K, used 4518K [0x00000000c2c00000, 0x00000000c5580000, 0x00000000eb980000)
  object space 42496K, 10% used [0x00000000c2c00000,0x00000000c3069a40,0x00000000c5580000)
 Metaspace       used 12756K, capacity 12976K, committed 13184K, reserved 1060864K
  class space    used 1556K, capacity 1655K, committed 1664K, reserved 1048576K
}

