# JRE version: Java(TM) SE Runtime Environment (8.0_65-b17) (build 1.8.0_65-b17)
# Java VM: Java HotSpot(TM) 64-Bit Server VM (25.65-b01 mixed mode windows-amd64 compressed oops)
Heap:
 PSYoungGen      total 15872K, used 5728K [0x00000000eb980000, 0x00000000eca00000, 0x0000000100000000)
  eden space 15360K, 36% used [0x00000000eb980000,0x00000000ebef8248,0x00000000ec880000)
  from space 512K, 25% used [0x00000000ec900000,0x00000000ec920000,0x00000000ec980000)
  to   space 512K, 0% used [0x00000000ec980000,0x00000000ec980000,0x00000000eca00000)
 ParOldGen       total 42496K, used 4583K [0x00000000c2c00000, 0x00000000c5580000, 0x00000000eb980000)
  object space 42496K, 10% used [0x00000000c2c00000,0x00000000c3079d78,0x00000000c5580000)
 Metaspace       used 12542K, capacity 12752K, committed 12928K, reserved 1060864K
  class space    used 1541K, capacity 1623K, committed 1664K, reserved 1048576K
GC Heap History (10 events):
Event: 3852.488 GC heap before
{Heap before GC invocations=77 (full 0):
 PSYoungGen      total 15872K, used 15456K [0x00000000eb980000, 0x00000000eca00000, 0x0000000100000000)
  eden space 15360K, 100% used [0x00000000eb980000,0x00000000ec880000,0x00000000ec880000)
  from space 512K, 18% used [0x00000000ec980000,0x00000000ec998000,0x00000000eca00000)
  to   space 512K, 0% used [0x00000000ec900000,0x00000000ec900000,0x00000000ec980000)
 ParOldGen       total 42496K, used 4583K [0x00000000c2c00000, 0x00000000c5580000, 0x00000000eb980000)
  object space 42496K, 10% used [0x00000000c2c00000,0x00000000c3079d78,0x00000000c5580000)
 Metaspace       used 12542K, capacity 12752K, committed 12928K, reserved 1060864K
  class space    used 1541K, capacity 1623K, committed 1664K, reserved 1048576K
Event: 3852.489 GC heap after
Heap after GC invocations=77 (full 0):
 PSYoungGen      total 15872K, used 96K [0x00000000eb980000, 0x00000000eca00000, 0x0000000100000000)
  eden space 15360K, 0% used [0x00000000eb980000,0x00000000eb980000,0x00000000ec880000)
  from space 512K, 18% used [0x00000000ec900000,0x00000000ec918000,0x00000000ec980000)
  to   space 512K, 0% used [0x00000000ec980000,0x00000000ec980000,0x00000000eca00000)
 ParOldGen       total 42496K, used 4583K [0x00000000c2c00000, 0x00000000c5580000, 0x00000000eb980000)
  object space 42496K, 10% used [0x00000000c2c00000,0x00000000c3079d78,0x00000000c5580000)
 Metaspace       used 12542K, capacity 12752K, committed 12928K, reserved 1060864K
  class space    used 1541K, capacity 1623K, committed 1664K, reserved 1048576K
}
Event: 3904.392 GC heap before
{Heap before GC invocations=78 (full 0):
 PSYoungGen      total 15872K, used 15456K [0x00000000eb980000, 0x00000000eca00000, 0x0000000100000000)
  eden space 15360K, 100% used [0x00000000eb980000,0x00000000ec880000,0x00000000ec880000)
  from space 512K, 18% used [0x00000000ec900000,0x00000000ec918000,0x00000000ec980000)
  to   space 512K, 0% used [0x00000000ec980000,0x00000000ec980000,0x00000000eca00000)
 ParOldGen       total 42496K, used 4583K [0x00000000c2c00000, 0x00000000c5580000, 0x00000000eb980000)
  object space 42496K, 10% used [0x00000000c2c00000,0x00000000c3079d78,0x00000000c5580000)
 Metaspace       used 12542K, capacity 12752K, committed 12928K, reserved 1060864K
  class space    used 1541K, capacity 1623K, committed 1664K, reserved 1048576K
Event: 3904.543 GC heap after
Heap after GC invocations=78 (full 0):
 PSYoungGen      total 15872K, used 160K [0x00000000eb980000, 0x00000000eca00000, 0x0000000100000000)
  eden space 15360K, 0% used [0x00000000eb980000,0x00000000eb980000,0x00000000ec880000)
  from space 512K, 31% used [0x00000000ec980000,0x00000000ec9a8000,0x00000000eca00000)
  to   space 512K, 0% used [0x00000000ec900000,0x00000000ec900000,0x00000000ec980000)
 ParOldGen       total 42496K, used 4583K [0x00000000c2c00000, 0x00000000c5580000, 0x00000000eb980000)
  object space 42496K, 10% used [0x00000000c2c00000,0x00000000c3079d78,0x00000000c5580000)
 Metaspace       used 12542K, capacity 12752K, committed 12928K, reserved 1060864K
  class space    used 1541K, capacity 1623K, committed 1664K, reserved 1048576K
}
Event: 3935.999 GC heap before
{Heap before GC invocations=79 (full 0):
 PSYoungGen      total 15872K, used 15520K [0x00000000eb980000, 0x00000000eca00000, 0x0000000100000000)
  eden space 15360K, 100% used [0x00000000eb980000,0x00000000ec880000,0x00000000ec880000)
  from space 512K, 31% used [0x00000000ec980000,0x00000000ec9a8000,0x00000000eca00000)
  to   space 512K, 0% used [0x00000000ec900000,0x00000000ec900000,0x00000000ec980000)
 ParOldGen       total 42496K, used 4583K [0x00000000c2c00000, 0x00000000c5580000, 0x00000000eb980000)
  object space 42496K, 10% used [0x00000000c2c00000,0x00000000c3079d78,0x00000000c5580000)
 Metaspace       used 12542K, capacity 12752K, committed 12928K, reserved 1060864K
  class space    used 1541K, capacity 1623K, committed 1664K, reserved 1048576K
Event: 3936.001 GC heap after
Heap after GC invocations=79 (full 0):
 PSYoungGen      total 15872K, used 64K [0x00000000eb980000, 0x00000000eca00000, 0x0000000100000000)
  eden space 15360K, 0% used [0x00000000eb980000,0x00000000eb980000,0x00000000ec880000)
  from space 512K, 12% used [0x00000000ec900000,0x00000000ec910000,0x00000000ec980000)
  to   space 512K, 0% used [0x00000000ec980000,0x00000000ec980000,0x00000000eca00000)
 ParOldGen       total 42496K, used 4583K [0x00000000c2c00000, 0x00000000c5580000, 0x00000000eb980000)
  object space 42496K, 10% used [0x00000000c2c00000,0x00000000c3079d78,0x00000000c5580000)
 Metaspace       used 12542K, capacity 12752K, committed 12928K, reserved 1060864K
  class space    used 1541K, capacity 1623K, committed 1664K, reserved 1048576K
}
Event: 3988.442 GC heap before
{Heap before GC invocations=80 (full 0):
 PSYoungGen      total 15872K, used 15424K [0x00000000eb980000, 0x00000000eca00000, 0x0000000100000000)
  eden space 15360K, 100% used [0x00000000eb980000,0x00000000ec880000,0x00000000ec880000)
  from space 512K, 12% used [0x00000000ec900000,0x00000000ec910000,0x00000000ec980000)
  to   space 512K, 0% used [0x00000000ec980000,0x00000000ec980000,0x00000000eca00000)
 ParOldGen       total 42496K, used 4583K [0x00000000c2c00000, 0x00000000c5580000, 0x00000000eb980000)
  object space 42496K, 10% used [0x00000000c2c00000,0x00000000c3079d78,0x00000000c5580000)
 Metaspace       used 12542K, capacity 12752K, committed 12928K, reserved 1060864K
  class space    used 1541K, capacity 1623K, committed 1664K, reserved 1048576K
Event: 3988.444 GC heap after
Heap after GC invocations=80 (full 0):
 PSYoungGen      total 15872K, used 64K [0x00000000eb980000, 0x00000000eca00000, 0x0000000100000000)
  eden space 15360K, 0% used [0x00000000eb980000,0x00000000eb980000,0x00000000ec880000)
  from space 512K, 12% used [0x00000000ec980000,0x00000000ec990000,0x00000000eca00000)
  to   space 512K, 0% used [0x00000000ec900000,0x00000000ec900000,0x00000000ec980000)
 ParOldGen       total 42496K, used 4583K [0x00000000c2c00000, 0x00000000c5580000, 0x00000000eb980000)
  object space 42496K, 10% used [0x00000000c2c00000,0x00000000c3079d78,0x00000000c5580000)
 Metaspace       used 12542K, capacity 12752K, committed 12928K, reserved 1060864K
  class space    used 1541K, capacity 1623K, committed 1664K, reserved 1048576K
}
Event: 4045.425 GC heap before
{Heap before GC invocations=81 (full 0):
 PSYoungGen      total 15872K, used 15424K [0x00000000eb980000, 0x00000000eca00000, 0x0000000100000000)
  eden space 15360K, 100% used [0x00000000eb980000,0x00000000ec880000,0x00000000ec880000)
  from space 512K, 12% used [0x00000000ec980000,0x00000000ec990000,0x00000000eca00000)
  to   space 512K, 0% used [0x00000000ec900000,0x00000000ec900000,0x00000000ec980000)
 ParOldGen       total 42496K, used 4583K [0x00000000c2c00000, 0x00000000c5580000, 0x00000000eb980000)
  object space 42496K, 10% used [0x00000000c2c00000,0x00000000c3079d78,0x00000000c5580000)
 Metaspace       used 12542K, capacity 12752K, committed 12928K, reserved 1060864K
  class space    used 1541K, capacity 1623K, committed 1664K, reserved 1048576K
Event: 4046.009 GC heap after
Heap after GC invocations=81 (full 0):
 PSYoungGen      total 15872K, used 128K [0x00000000eb980000, 0x00000000eca00000, 0x0000000100000000)
  eden space 15360K, 0% used [0x00000000eb980000,0x00000000eb980000,0x00000000ec880000)
  from space 512K, 25% used [0x00000000ec900000,0x00000000ec920000,0x00000000ec980000)
  to   space 512K, 0% used [0x00000000ec980000,0x00000000ec980000,0x00000000eca00000)
 ParOldGen       total 42496K, used 4583K [0x00000000c2c00000, 0x00000000c5580000, 0x00000000eb980000)
  object space 42496K, 10% used [0x00000000c2c00000,0x00000000c3079d78,0x00000000c5580000)
 Metaspace       used 12542K, capacity 12752K, committed 12928K, reserved 1060864K
  class space    used 1541K, capacity 1623K, committed 1664K, reserved 1048576K
}

