# JRE version: Java(TM) SE Runtime Environment (8.0_65-b17) (build 1.8.0_65-b17)
# Java VM: Java HotSpot(TM) 64-Bit Server VM (25.65-b01 mixed mode windows-amd64 compressed oops)
Heap:
 PSYoungGen      total 16384K, used 11920K [0x00000000eb980000, 0x00000000eca80000, 0x0000000100000000)
  eden space 15872K, 74% used [0x00000000eb980000,0x00000000ec504068,0x00000000ec900000)
  from space 512K, 25% used [0x00000000ec980000,0x00000000ec9a0000,0x00000000eca00000)
  to   space 512K, 0% used [0x00000000eca00000,0x00000000eca00000,0x00000000eca80000)
 ParOldGen       total 42496K, used 4559K [0x00000000c2c00000, 0x00000000c5580000, 0x00000000eb980000)
  object space 42496K, 10% used [0x00000000c2c00000,0x00000000c3073d78,0x00000000c5580000)
 Metaspace       used 12640K, capacity 12880K, committed 13184K, reserved 1060864K
  class space    used 1552K, capacity 1623K, committed 1664K, reserved 1048576K
GC Heap History (10 events):
Event: 2561.463 GC heap before
{Heap before GC invocations=47 (full 0):
 PSYoungGen      total 16896K, used 15936K [0x00000000eb980000, 0x00000000ecb00000, 0x0000000100000000)
  eden space 15872K, 100% used [0x00000000eb980000,0x00000000ec900000,0x00000000ec900000)
  from space 1024K, 6% used [0x00000000eca00000,0x00000000eca10000,0x00000000ecb00000)
  to   space 1024K, 0% used [0x00000000ec900000,0x00000000ec900000,0x00000000eca00000)
 ParOldGen       total 42496K, used 4543K [0x00000000c2c00000, 0x00000000c5580000, 0x00000000eb980000)
  object space 42496K, 10% used [0x00000000c2c00000,0x00000000c306fd78,0x00000000c5580000)
 Metaspace       used 12639K, capacity 12880K, committed 13184K, reserved 1060864K
  class space    used 1551K, capacity 1623K, committed 1664K, reserved 1048576K
Event: 2561.505 GC heap after
Heap after GC invocations=47 (full 0):
 PSYoungGen      total 16896K, used 128K [0x00000000eb980000, 0x00000000ecb00000, 0x0000000100000000)
  eden space 15872K, 0% used [0x00000000eb980000,0x00000000eb980000,0x00000000ec900000)
  from space 1024K, 12% used [0x00000000ec900000,0x00000000ec920000,0x00000000eca00000)
  to   space 1024K, 0% used [0x00000000eca00000,0x00000000eca00000,0x00000000ecb00000)
 ParOldGen       total 42496K, used 4543K [0x00000000c2c00000, 0x00000000c5580000, 0x00000000eb980000)
  object space 42496K, 10% used [0x00000000c2c00000,0x00000000c306fd78,0x00000000c5580000)
 Metaspace       used 12639K, capacity 12880K, committed 13184K, reserved 1060864K
  class space    used 1551K, capacity 1623K, committed 1664K, reserved 1048576K
}
Event: 2612.142 GC heap before
{Heap before GC invocations=48 (full 0):
 PSYoungGen      total 16896K, used 16000K [0x00000000eb980000, 0x00000000ecb00000, 0x0000000100000000)
  eden space 15872K, 100% used [0x00000000eb980000,0x00000000ec900000,0x00000000ec900000)
  from space 1024K, 12% used [0x00000000ec900000,0x00000000ec920000,0x00000000eca00000)
  to   space 1024K, 0% used [0x00000000eca00000,0x00000000eca00000,0x00000000ecb00000)
 ParOldGen       total 42496K, used 4543K [0x00000000c2c00000, 0x00000000c5580000, 0x00000000eb980000)
  object space 42496K, 10% used [0x00000000c2c00000,0x00000000c306fd78,0x00000000c5580000)
 Metaspace       used 12639K, capacity 12880K, committed 13184K, reserved 1060864K
  class space    used 1551K, capacity 1623K, committed 1664K, reserved 1048576K
Event: 2612.160 GC heap after
Heap after GC invocations=48 (full 0):
 PSYoungGen      total 16384K, used 128K [0x00000000eb980000, 0x00000000eca80000, 0x0000000100000000)
  eden space 15872K, 0% used [0x00000000eb980000,0x00000000eb980000,0x00000000ec900000)
  from space 512K, 25% used [0x00000000eca00000,0x00000000eca20000,0x00000000eca80000)
  to   space 512K, 0% used [0x00000000ec980000,0x00000000ec980000,0x00000000eca00000)
 ParOldGen       total 42496K, used 4543K [0x00000000c2c00000, 0x00000000c5580000, 0x00000000eb980000)
  object space 42496K, 10% used [0x00000000c2c00000,0x00000000c306fd78,0x00000000c5580000)
 Metaspace       used 12639K, capacity 12880K, committed 13184K, reserved 1060864K
  class space    used 1551K, capacity 1623K, committed 1664K, reserved 1048576K
}
Event: 2669.111 GC heap before
{Heap before GC invocations=49 (full 0):
 PSYoungGen      total 16384K, used 16000K [0x00000000eb980000, 0x00000000eca80000, 0x0000000100000000)
  eden space 15872K, 100% used [0x00000000eb980000,0x00000000ec900000,0x00000000ec900000)
  from space 512K, 25% used [0x00000000eca00000,0x00000000eca20000,0x00000000eca80000)
  to   space 512K, 0% used [0x00000000ec980000,0x00000000ec980000,0x00000000eca00000)
 ParOldGen       total 42496K, used 4543K [0x00000000c2c00000, 0x00000000c5580000, 0x00000000eb980000)
  object space 42496K, 10% used [0x00000000c2c00000,0x00000000c306fd78,0x00000000c5580000)
 Metaspace       used 12639K, capacity 12880K, committed 13184K, reserved 1060864K
  class space    used 1551K, capacity 1623K, committed 1664K, reserved 1048576K
Event: 2669.312 GC heap after
Heap after GC invocations=49 (full 0):
 PSYoungGen      total 16384K, used 160K [0x00000000eb980000, 0x00000000eca80000, 0x0000000100000000)
  eden space 15872K, 0% used [0x00000000eb980000,0x00000000eb980000,0x00000000ec900000)
  from space 512K, 31% used [0x00000000ec980000,0x00000000ec9a8000,0x00000000eca00000)
  to   space 512K, 0% used [0x00000000eca00000,0x00000000eca00000,0x00000000eca80000)
 ParOldGen       total 42496K, used 4543K [0x00000000c2c00000, 0x00000000c5580000, 0x00000000eb980000)
  object space 42496K, 10% used [0x00000000c2c00000,0x00000000c306fd78,0x00000000c5580000)
 Metaspace       used 12639K, capacity 12880K, committed 13184K, reserved 1060864K
  class space    used 1551K, capacity 1623K, committed 1664K, reserved 1048576K
}
Event: 2727.421 GC heap before
{Heap before GC invocations=50 (full 0):
 PSYoungGen      total 16384K, used 16032K [0x00000000eb980000, 0x00000000eca80000, 0x0000000100000000)
  eden space 15872K, 100% used [0x00000000eb980000,0x00000000ec900000,0x00000000ec900000)
  from space 512K, 31% used [0x00000000ec980000,0x00000000ec9a8000,0x00000000eca00000)
  to   space 512K, 0% used [0x00000000eca00000,0x00000000eca00000,0x00000000eca80000)
 ParOldGen       total 42496K, used 4543K [0x00000000c2c00000, 0x00000000c5580000, 0x00000000eb980000)
  object space 42496K, 10% used [0x00000000c2c00000,0x00000000c306fd78,0x00000000c5580000)
 Metaspace       used 12639K, capacity 12880K, committed 13184K, reserved 1060864K
  class space    used 1551K, capacity 1623K, committed 1664K, reserved 1048576K
Event: 2727.447 GC heap after
Heap after GC invocations=50 (full 0):
 PSYoungGen      total 16384K, used 96K [0x00000000eb980000, 0x00000000eca80000, 0x0000000100000000)
  eden space 15872K, 0% used [0x00000000eb980000,0x00000000eb980000,0x00000000ec900000)
  from space 512K, 18% used [0x00000000eca00000,0x00000000eca18000,0x00000000eca80000)
  to   space 512K, 0% used [0x00000000ec980000,0x00000000ec980000,0x00000000eca00000)
 ParOldGen       total 42496K, used 4551K [0x00000000c2c00000, 0x00000000c5580000, 0x00000000eb980000)
  object space 42496K, 10% used [0x00000000c2c00000,0x00000000c3071d78,0x00000000c5580000)
 Metaspace       used 12639K, capacity 12880K, committed 13184K, reserved 1060864K
  class space    used 1551K, capacity 1623K, committed 1664K, reserved 1048576K
}
Event: 2779.796 GC heap before
{Heap before GC invocations=51 (full 0):
 PSYoungGen      total 16384K, used 15968K [0x00000000eb980000, 0x00000000eca80000, 0x0000000100000000)
  eden space 15872K, 100% used [0x00000000eb980000,0x00000000ec900000,0x00000000ec900000)
  from space 512K, 18% used [0x00000000eca00000,0x00000000eca18000,0x00000000eca80000)
  to   space 512K, 0% used [0x00000000ec980000,0x00000000ec980000,0x00000000eca00000)
 ParOldGen       total 42496K, used 4551K [0x00000000c2c00000, 0x00000000c5580000, 0x00000000eb980000)
  object space 42496K, 10% used [0x00000000c2c00000,0x00000000c3071d78,0x00000000c5580000)
 Metaspace       used 12640K, capacity 12880K, committed 13184K, reserved 1060864K
  class space    used 1552K, capacity 1623K, committed 1664K, reserved 1048576K
Event: 2780.162 GC heap after
Heap after GC invocations=51 (full 0):
 PSYoungGen      total 16384K, used 128K [0x00000000eb980000, 0x00000000eca80000, 0x0000000100000000)
  eden space 15872K, 0% used [0x00000000eb980000,0x00000000eb980000,0x00000000ec900000)
  from space 512K, 25% used [0x00000000ec980000,0x00000000ec9a0000,0x00000000eca00000)
  to   space 512K, 0% used [0x00000000eca00000,0x00000000eca00000,0x00000000eca80000)
 ParOldGen       total 42496K, used 4559K [0x00000000c2c00000, 0x00000000c5580000, 0x00000000eb980000)
  object space 42496K, 10% used [0x00000000c2c00000,0x00000000c3073d78,0x00000000c5580000)
 Metaspace       used 12640K, capacity 12880K, committed 13184K, reserved 1060864K
  class space    used 1552K, capacity 1623K, committed 1664K, reserved 1048576K
}

