# JRE version: Java(TM) SE Runtime Environment (8.0_65-b17) (build 1.8.0_65-b17)
# Java VM: Java HotSpot(TM) 64-Bit Server VM (25.65-b01 mixed mode windows-amd64 compressed oops)
Heap:
 PSYoungGen      total 17408K, used 598K [0x00000000eb980000, 0x00000000ecc00000, 0x0000000100000000)
  eden space 15872K, 3% used [0x00000000eb980000,0x00000000eba05b90,0x00000000ec900000)
  from space 1536K, 4% used [0x00000000ec900000,0x00000000ec910000,0x00000000eca80000)
  to   space 1536K, 0% used [0x00000000eca80000,0x00000000eca80000,0x00000000ecc00000)
 ParOldGen       total 42496K, used 4543K [0x00000000c2c00000, 0x00000000c5580000, 0x00000000eb980000)
  object space 42496K, 10% used [0x00000000c2c00000,0x00000000c306fd78,0x00000000c5580000)
 Metaspace       used 12657K, capacity 12912K, committed 13184K, reserved 1060864K
  class space    used 1555K, capacity 1655K, committed 1664K, reserved 1048576K
GC Heap History (10 events):
Event: 2039.029 GC heap before
{Heap before GC invocations=31 (full 0):
 PSYoungGen      total 17920K, used 16000K [0x00000000eb980000, 0x00000000ecd00000, 0x0000000100000000)
  eden space 15872K, 100% used [0x00000000eb980000,0x00000000ec900000,0x00000000ec900000)
  from space 2048K, 6% used [0x00000000ecb00000,0x00000000ecb20000,0x00000000ecd00000)
  to   space 2048K, 0% used [0x00000000ec900000,0x00000000ec900000,0x00000000ecb00000)
 ParOldGen       total 42496K, used 4535K [0x00000000c2c00000, 0x00000000c5580000, 0x00000000eb980000)
  object space 42496K, 10% used [0x00000000c2c00000,0x00000000c306dd78,0x00000000c5580000)
 Metaspace       used 12657K, capacity 12912K, committed 13184K, reserved 1060864K
  class space    used 1555K, capacity 1655K, committed 1664K, reserved 1048576K
Event: 2039.030 GC heap after
Heap after GC invocations=31 (full 0):
 PSYoungGen      total 17920K, used 64K [0x00000000eb980000, 0x00000000ecd00000, 0x0000000100000000)
  eden space 15872K, 0% used [0x00000000eb980000,0x00000000eb980000,0x00000000ec900000)
  from space 2048K, 3% used [0x00000000ec900000,0x00000000ec910000,0x00000000ecb00000)
  to   space 2048K, 0% used [0x00000000ecb00000,0x00000000ecb00000,0x00000000ecd00000)
 ParOldGen       total 42496K, used 4535K [0x00000000c2c00000, 0x00000000c5580000, 0x00000000eb980000)
  object space 42496K, 10% used [0x00000000c2c00000,0x00000000c306dd78,0x00000000c5580000)
 Metaspace       used 12657K, capacity 12912K, committed 13184K, reserved 1060864K
  class space    used 1555K, capacity 1655K, committed 1664K, reserved 1048576K
}
Event: 2087.237 GC heap before
{Heap before GC invocations=32 (full 0):
 PSYoungGen      total 17920K, used 15936K [0x00000000eb980000, 0x00000000ecd00000, 0x0000000100000000)
  eden space 15872K, 100% used [0x00000000eb980000,0x00000000ec900000,0x00000000ec900000)
  from space 2048K, 3% used [0x00000000ec900000,0x00000000ec910000,0x00000000ecb00000)
  to   space 2048K, 0% used [0x00000000ecb00000,0x00000000ecb00000,0x00000000ecd00000)
 ParOldGen       total 42496K, used 4535K [0x00000000c2c00000, 0x00000000c5580000, 0x00000000eb980000)
  object space 42496K, 10% used [0x00000000c2c00000,0x00000000c306dd78,0x00000000c5580000)
 Metaspace       used 12657K, capacity 12912K, committed 13184K, reserved 1060864K
  class space    used 1555K, capacity 1655K, committed 1664K, reserved 1048576K
Event: 2087.568 GC heap after
Heap after GC invocations=32 (full 0):
 PSYoungGen      total 17920K, used 128K [0x00000000eb980000, 0x00000000ecd00000, 0x0000000100000000)
  eden space 15872K, 0% used [0x00000000eb980000,0x00000000eb980000,0x00000000ec900000)
  from space 2048K, 6% used [0x00000000ecb00000,0x00000000ecb20000,0x00000000ecd00000)
  to   space 2048K, 0% used [0x00000000ec900000,0x00000000ec900000,0x00000000ecb00000)
 ParOldGen       total 42496K, used 4535K [0x00000000c2c00000, 0x00000000c5580000, 0x00000000eb980000)
  object space 42496K, 10% used [0x00000000c2c00000,0x00000000c306dd78,0x00000000c5580000)
 Metaspace       used 12657K, capacity 12912K, committed 13184K, reserved 1060864K
  class space    used 1555K, capacity 1655K, committed 1664K, reserved 1048576K
}
Event: 2137.007 GC heap before
{Heap before GC invocations=33 (full 0):
 PSYoungGen      total 17920K, used 16000K [0x00000000eb980000, 0x00000000ecd00000, 0x0000000100000000)
  eden space 15872K, 100% used [0x00000000eb980000,0x00000000ec900000,0x00000000ec900000)
  from space 2048K, 6% used [0x00000000ecb00000,0x00000000ecb20000,0x00000000ecd00000)
  to   space 2048K, 0% used [0x00000000ec900000,0x00000000ec900000,0x00000000ecb00000)
 ParOldGen       total 42496K, used 4535K [0x00000000c2c00000, 0x00000000c5580000, 0x00000000eb980000)
  object space 42496K, 10% used [0x00000000c2c00000,0x00000000c306dd78,0x00000000c5580000)
 Metaspace       used 12657K, capacity 12912K, committed 13184K, reserved 1060864K
  class space    used 1555K, capacity 1655K, committed 1664K, reserved 1048576K
Event: 2137.009 GC heap after
Heap after GC invocations=33 (full 0):
 PSYoungGen      total 17920K, used 64K [0x00000000eb980000, 0x00000000ecd00000, 0x0000000100000000)
  eden space 15872K, 0% used [0x00000000eb980000,0x00000000eb980000,0x00000000ec900000)
  from space 2048K, 3% used [0x00000000ec900000,0x00000000ec910000,0x00000000ecb00000)
  to   space 2048K, 0% used [0x00000000ecb00000,0x00000000ecb00000,0x00000000ecd00000)
 ParOldGen       total 42496K, used 4535K [0x00000000c2c00000, 0x00000000c5580000, 0x00000000eb980000)
  object space 42496K, 10% used [0x00000000c2c00000,0x00000000c306dd78,0x00000000c5580000)
 Metaspace       used 12657K, capacity 12912K, committed 13184K, reserved 1060864K
  class space    used 1555K, capacity 1655K, committed 1664K, reserved 1048576K
}
Event: 2187.572 GC heap before
{Heap before GC invocations=34 (full 0):
 PSYoungGen      total 17920K, used 15936K [0x00000000eb980000, 0x00000000ecd00000, 0x0000000100000000)
  eden space 15872K, 100% used [0x00000000eb980000,0x00000000ec900000,0x00000000ec900000)
  from space 2048K, 3% used [0x00000000ec900000,0x00000000ec910000,0x00000000ecb00000)
  to   space 2048K, 0% used [0x00000000ecb00000,0x00000000ecb00000,0x00000000ecd00000)
 ParOldGen       total 42496K, used 4535K [0x00000000c2c00000, 0x00000000c5580000, 0x00000000eb980000)
  object space 42496K, 10% used [0x00000000c2c00000,0x00000000c306dd78,0x00000000c5580000)
 Metaspace       used 12657K, capacity 12912K, committed 13184K, reserved 1060864K
  class space    used 1555K, capacity 1655K, committed 1664K, reserved 1048576K
Event: 2187.603 GC heap after
Heap after GC invocations=34 (full 0):
 PSYoungGen      total 16896K, used 128K [0x00000000eb980000, 0x00000000ecc00000, 0x0000000100000000)
  eden space 15872K, 0% used [0x00000000eb980000,0x00000000eb980000,0x00000000ec900000)
  from space 1024K, 12% used [0x00000000ecb00000,0x00000000ecb20000,0x00000000ecc00000)
  to   space 1536K, 0% used [0x00000000ec900000,0x00000000ec900000,0x00000000eca80000)
 ParOldGen       total 42496K, used 4535K [0x00000000c2c00000, 0x00000000c5580000, 0x00000000eb980000)
  object space 42496K, 10% used [0x00000000c2c00000,0x00000000c306dd78,0x00000000c5580000)
 Metaspace       used 12657K, capacity 12912K, committed 13184K, reserved 1060864K
  class space    used 1555K, capacity 1655K, committed 1664K, reserved 1048576K
}
Event: 2261.900 GC heap before
{Heap before GC invocations=35 (full 0):
 PSYoungGen      total 16896K, used 16000K [0x00000000eb980000, 0x00000000ecc00000, 0x0000000100000000)
  eden space 15872K, 100% used [0x00000000eb980000,0x00000000ec900000,0x00000000ec900000)
  from space 1024K, 12% used [0x00000000ecb00000,0x00000000ecb20000,0x00000000ecc00000)
  to   space 1536K, 0% used [0x00000000ec900000,0x00000000ec900000,0x00000000eca80000)
 ParOldGen       total 42496K, used 4535K [0x00000000c2c00000, 0x00000000c5580000, 0x00000000eb980000)
  object space 42496K, 10% used [0x00000000c2c00000,0x00000000c306dd78,0x00000000c5580000)
 Metaspace       used 12657K, capacity 12912K, committed 13184K, reserved 1060864K
  class space    used 1555K, capacity 1655K, committed 1664K, reserved 1048576K
Event: 2261.902 GC heap after
Heap after GC invocations=35 (full 0):
 PSYoungGen      total 17408K, used 64K [0x00000000eb980000, 0x00000000ecc00000, 0x0000000100000000)
  eden space 15872K, 0% used [0x00000000eb980000,0x00000000eb980000,0x00000000ec900000)
  from space 1536K, 4% used [0x00000000ec900000,0x00000000ec910000,0x00000000eca80000)
  to   space 1536K, 0% used [0x00000000eca80000,0x00000000eca80000,0x00000000ecc00000)
 ParOldGen       total 42496K, used 4543K [0x00000000c2c00000, 0x00000000c5580000, 0x00000000eb980000)
  object space 42496K, 10% used [0x00000000c2c00000,0x00000000c306fd78,0x00000000c5580000)
 Metaspace       used 12657K, capacity 12912K, committed 13184K, reserved 1060864K
  class space    used 1555K, capacity 1655K, committed 1664K, reserved 1048576K
}

