# JRE version: Java(TM) SE Runtime Environment (8.0_65-b17) (build 1.8.0_65-b17)
# Java VM: Java HotSpot(TM) 64-Bit Server VM (25.65-b01 mixed mode windows-amd64 compressed oops)
Heap:
 PSYoungGen      total 15872K, used 13305K [0x00000000eb980000, 0x00000000eca00000, 0x0000000100000000)
  eden space 15360K, 86% used [0x00000000eb980000,0x00000000ec66e498,0x00000000ec880000)
  from space 512K, 12% used [0x00000000ec980000,0x00000000ec990000,0x00000000eca00000)
  to   space 512K, 0% used [0x00000000ec900000,0x00000000ec900000,0x00000000ec980000)
 ParOldGen       total 42496K, used 4639K [0x00000000c2c00000, 0x00000000c5580000, 0x00000000eb980000)
  object space 42496K, 10% used [0x00000000c2c00000,0x00000000c3087d58,0x00000000c5580000)
 Metaspace       used 12589K, capacity 12816K, committed 12928K, reserved 1060864K
  class space    used 1529K, capacity 1623K, committed 1664K, reserved 1048576K
GC Heap History (10 events):
Event: 134991.399 GC heap before
{Heap before GC invocations=1084 (full 0):
 PSYoungGen      total 15872K, used 15392K [0x00000000eb980000, 0x00000000eca00000, 0x0000000100000000)
  eden space 15360K, 100% used [0x00000000eb980000,0x00000000ec880000,0x00000000ec880000)
  from space 512K, 6% used [0x00000000ec900000,0x00000000ec908000,0x00000000ec980000)
  to   space 512K, 0% used [0x00000000ec980000,0x00000000ec980000,0x00000000eca00000)
 ParOldGen       total 42496K, used 4639K [0x00000000c2c00000, 0x00000000c5580000, 0x00000000eb980000)
  object space 42496K, 10% used [0x00000000c2c00000,0x00000000c3087d58,0x00000000c5580000)
 Metaspace       used 12589K, capacity 12816K, committed 12928K, reserved 1060864K
  class space    used 1529K, capacity 1623K, committed 1664K, reserved 1048576K
Event: 134991.433 GC heap after
Heap after GC invocations=1084 (full 0):
 PSYoungGen      total 15872K, used 96K [0x00000000eb980000, 0x00000000eca00000, 0x0000000100000000)
  eden space 15360K, 0% used [0x00000000eb980000,0x00000000eb980000,0x00000000ec880000)
  from space 512K, 18% used [0x00000000ec980000,0x00000000ec998000,0x00000000eca00000)
  to   space 512K, 0% used [0x00000000ec900000,0x00000000ec900000,0x00000000ec980000)
 ParOldGen       total 42496K, used 4639K [0x00000000c2c00000, 0x00000000c5580000, 0x00000000eb980000)
  object space 42496K, 10% used [0x00000000c2c00000,0x00000000c3087d58,0x00000000c5580000)
 Metaspace       used 12589K, capacity 12816K, committed 12928K, reserved 1060864K
  class space    used 1529K, capacity 1623K, committed 1664K, reserved 1048576K
}
Event: 135018.545 GC heap before
{Heap before GC invocations=1085 (full 0):
 PSYoungGen      total 15872K, used 15456K [0x00000000eb980000, 0x00000000eca00000, 0x0000000100000000)
  eden space 15360K, 100% used [0x00000000eb980000,0x00000000ec880000,0x00000000ec880000)
  from space 512K, 18% used [0x00000000ec980000,0x00000000ec998000,0x00000000eca00000)
  to   space 512K, 0% used [0x00000000ec900000,0x00000000ec900000,0x00000000ec980000)
 ParOldGen       total 42496K, used 4639K [0x00000000c2c00000, 0x00000000c5580000, 0x00000000eb980000)
  object space 42496K, 10% used [0x00000000c2c00000,0x00000000c3087d58,0x00000000c5580000)
 Metaspace       used 12589K, capacity 12816K, committed 12928K, reserved 1060864K
  class space    used 1529K, capacity 1623K, committed 1664K, reserved 1048576K
Event: 135018.546 GC heap after
Heap after GC invocations=1085 (full 0):
 PSYoungGen      total 15872K, used 96K [0x00000000eb980000, 0x00000000eca00000, 0x0000000100000000)
  eden space 15360K, 0% used [0x00000000eb980000,0x00000000eb980000,0x00000000ec880000)
  from space 512K, 18% used [0x00000000ec900000,0x00000000ec918000,0x00000000ec980000)
  to   space 512K, 0% used [0x00000000ec980000,0x00000000ec980000,0x00000000eca00000)
 ParOldGen       total 42496K, used 4639K [0x00000000c2c00000, 0x00000000c5580000, 0x00000000eb980000)
  object space 42496K, 10% used [0x00000000c2c00000,0x00000000c3087d58,0x00000000c5580000)
 Metaspace       used 12589K, capacity 12816K, committed 12928K, reserved 1060864K
  class space    used 1529K, capacity 1623K, committed 1664K, reserved 1048576K
}
Event: 135046.882 GC heap before
{Heap before GC invocations=1086 (full 0):
 PSYoungGen      total 15872K, used 15456K [0x00000000eb980000, 0x00000000eca00000, 0x0000000100000000)
  eden space 15360K, 100% used [0x00000000eb980000,0x00000000ec880000,0x00000000ec880000)
  from space 512K, 18% used [0x00000000ec900000,0x00000000ec918000,0x00000000ec980000)
  to   space 512K, 0% used [0x00000000ec980000,0x00000000ec980000,0x00000000eca00000)
 ParOldGen       total 42496K, used 4639K [0x00000000c2c00000, 0x00000000c5580000, 0x00000000eb980000)
  object space 42496K, 10% used [0x00000000c2c00000,0x00000000c3087d58,0x00000000c5580000)
 Metaspace       used 12589K, capacity 12816K, committed 12928K, reserved 1060864K
  class space    used 1529K, capacity 1623K, committed 1664K, reserved 1048576K
Event: 135046.884 GC heap after
Heap after GC invocations=1086 (full 0):
 PSYoungGen      total 15872K, used 64K [0x00000000eb980000, 0x00000000eca00000, 0x0000000100000000)
  eden space 15360K, 0% used [0x00000000eb980000,0x00000000eb980000,0x00000000ec880000)
  from space 512K, 12% used [0x00000000ec980000,0x00000000ec990000,0x00000000eca00000)
  to   space 512K, 0% used [0x00000000ec900000,0x00000000ec900000,0x00000000ec980000)
 ParOldGen       total 42496K, used 4639K [0x00000000c2c00000, 0x00000000c5580000, 0x00000000eb980000)
  object space 42496K, 10% used [0x00000000c2c00000,0x00000000c3087d58,0x00000000c5580000)
 Metaspace       used 12589K, capacity 12816K, committed 12928K, reserved 1060864K
  class space    used 1529K, capacity 1623K, committed 1664K, reserved 1048576K
}
Event: 135099.160 GC heap before
{Heap before GC invocations=1087 (full 0):
 PSYoungGen      total 15872K, used 15424K [0x00000000eb980000, 0x00000000eca00000, 0x0000000100000000)
  eden space 15360K, 100% used [0x00000000eb980000,0x00000000ec880000,0x00000000ec880000)
  from space 512K, 12% used [0x00000000ec980000,0x00000000ec990000,0x00000000eca00000)
  to   space 512K, 0% used [0x00000000ec900000,0x00000000ec900000,0x00000000ec980000)
 ParOldGen       total 42496K, used 4639K [0x00000000c2c00000, 0x00000000c5580000, 0x00000000eb980000)
  object space 42496K, 10% used [0x00000000c2c00000,0x00000000c3087d58,0x00000000c5580000)
 Metaspace       used 12589K, capacity 12816K, committed 12928K, reserved 1060864K
  class space    used 1529K, capacity 1623K, committed 1664K, reserved 1048576K
Event: 135099.413 GC heap after
Heap after GC invocations=1087 (full 0):
 PSYoungGen      total 15872K, used 128K [0x00000000eb980000, 0x00000000eca00000, 0x0000000100000000)
  eden space 15360K, 0% used [0x00000000eb980000,0x00000000eb980000,0x00000000ec880000)
  from space 512K, 25% used [0x00000000ec900000,0x00000000ec920000,0x00000000ec980000)
  to   space 512K, 0% used [0x00000000ec980000,0x00000000ec980000,0x00000000eca00000)
 ParOldGen       total 42496K, used 4639K [0x00000000c2c00000, 0x00000000c5580000, 0x00000000eb980000)
  object space 42496K, 10% used [0x00000000c2c00000,0x00000000c3087d58,0x00000000c5580000)
 Metaspace       used 12589K, capacity 12816K, committed 12928K, reserved 1060864K
  class space    used 1529K, capacity 1623K, committed 1664K, reserved 1048576K
}
Event: 135134.581 GC heap before
{Heap before GC invocations=1088 (full 0):
 PSYoungGen      total 15872K, used 15488K [0x00000000eb980000, 0x00000000eca00000, 0x0000000100000000)
  eden space 15360K, 100% used [0x00000000eb980000,0x00000000ec880000,0x00000000ec880000)
  from space 512K, 25% used [0x00000000ec900000,0x00000000ec920000,0x00000000ec980000)
  to   space 512K, 0% used [0x00000000ec980000,0x00000000ec980000,0x00000000eca00000)
 ParOldGen       total 42496K, used 4639K [0x00000000c2c00000, 0x00000000c5580000, 0x00000000eb980000)
  object space 42496K, 10% used [0x00000000c2c00000,0x00000000c3087d58,0x00000000c5580000)
 Metaspace       used 12589K, capacity 12816K, committed 12928K, reserved 1060864K
  class space    used 1529K, capacity 1623K, committed 1664K, reserved 1048576K
Event: 135134.583 GC heap after
Heap after GC invocations=1088 (full 0):
 PSYoungGen      total 15872K, used 64K [0x00000000eb980000, 0x00000000eca00000, 0x0000000100000000)
  eden space 15360K, 0% used [0x00000000eb980000,0x00000000eb980000,0x00000000ec880000)
  from space 512K, 12% used [0x00000000ec980000,0x00000000ec990000,0x00000000eca00000)
  to   space 512K, 0% used [0x00000000ec900000,0x00000000ec900000,0x00000000ec980000)
 ParOldGen       total 42496K, used 4639K [0x00000000c2c00000, 0x00000000c5580000, 0x00000000eb980000)
  object space 42496K, 10% used [0x00000000c2c00000,0x00000000c3087d58,0x00000000c5580000)
 Metaspace       used 12589K, capacity 12816K, committed 12928K, reserved 1060864K
  class space    used 1529K, capacity 1623K, committed 1664K, reserved 1048576K
}

