# JRE version: Java(TM) SE Runtime Environment (8.0_65-b17) (build 1.8.0_65-b17)
# Java VM: Java HotSpot(TM) 64-Bit Server VM (25.65-b01 mixed mode windows-amd64 compressed oops)
Heap:
 PSYoungGen      total 15360K, used 13913K [0x00000000eb980000, 0x00000000ec980000, 0x0000000100000000)
  eden space 14848K, 93% used [0x00000000eb980000,0x00000000ec6fe638,0x00000000ec800000)
  from space 512K, 18% used [0x00000000ec880000,0x00000000ec898000,0x00000000ec900000)
  to   space 512K, 0% used [0x00000000ec900000,0x00000000ec900000,0x00000000ec980000)
 ParOldGen       total 42496K, used 4627K [0x00000000c2c00000, 0x00000000c5580000, 0x00000000eb980000)
  object space 42496K, 10% used [0x00000000c2c00000,0x00000000c3084d68,0x00000000c5580000)
 Metaspace       used 12512K, capacity 12752K, committed 12928K, reserved 1060864K
  class space    used 1535K, capacity 1623K, committed 1664K, reserved 1048576K
GC Heap History (10 events):
Event: 134116.967 GC heap before
{Heap before GC invocations=1055 (full 0):
 PSYoungGen      total 15360K, used 14976K [0x00000000eb980000, 0x00000000ec980000, 0x0000000100000000)
  eden space 14848K, 100% used [0x00000000eb980000,0x00000000ec800000,0x00000000ec800000)
  from space 512K, 25% used [0x00000000ec900000,0x00000000ec920000,0x00000000ec980000)
  to   space 512K, 0% used [0x00000000ec880000,0x00000000ec880000,0x00000000ec900000)
 ParOldGen       total 42496K, used 4627K [0x00000000c2c00000, 0x00000000c5580000, 0x00000000eb980000)
  object space 42496K, 10% used [0x00000000c2c00000,0x00000000c3084d68,0x00000000c5580000)
 Metaspace       used 12512K, capacity 12752K, committed 12928K, reserved 1060864K
  class space    used 1535K, capacity 1623K, committed 1664K, reserved 1048576K
Event: 134116.968 GC heap after
Heap after GC invocations=1055 (full 0):
 PSYoungGen      total 15360K, used 96K [0x00000000eb980000, 0x00000000ec980000, 0x0000000100000000)
  eden space 14848K, 0% used [0x00000000eb980000,0x00000000eb980000,0x00000000ec800000)
  from space 512K, 18% used [0x00000000ec880000,0x00000000ec898000,0x00000000ec900000)
  to   space 512K, 0% used [0x00000000ec900000,0x00000000ec900000,0x00000000ec980000)
 ParOldGen       total 42496K, used 4627K [0x00000000c2c00000, 0x00000000c5580000, 0x00000000eb980000)
  object space 42496K, 10% used [0x00000000c2c00000,0x00000000c3084d68,0x00000000c5580000)
 Metaspace       used 12512K, capacity 12752K, committed 12928K, reserved 1060864K
  class space    used 1535K, capacity 1623K, committed 1664K, reserved 1048576K
}
Event: 134169.232 GC heap before
{Heap before GC invocations=1056 (full 0):
 PSYoungGen      total 15360K, used 14936K [0x00000000eb980000, 0x00000000ec980000, 0x0000000100000000)
  eden space 14848K, 99% used [0x00000000eb980000,0x00000000ec7fe050,0x00000000ec800000)
  from space 512K, 18% used [0x00000000ec880000,0x00000000ec898000,0x00000000ec900000)
  to   space 512K, 0% used [0x00000000ec900000,0x00000000ec900000,0x00000000ec980000)
 ParOldGen       total 42496K, used 4627K [0x00000000c2c00000, 0x00000000c5580000, 0x00000000eb980000)
  object space 42496K, 10% used [0x00000000c2c00000,0x00000000c3084d68,0x00000000c5580000)
 Metaspace       used 12512K, capacity 12752K, committed 12928K, reserved 1060864K
  class space    used 1535K, capacity 1623K, committed 1664K, reserved 1048576K
Event: 134169.233 GC heap after
Heap after GC invocations=1056 (full 0):
 PSYoungGen      total 15360K, used 32K [0x00000000eb980000, 0x00000000ec980000, 0x0000000100000000)
  eden space 14848K, 0% used [0x00000000eb980000,0x00000000eb980000,0x00000000ec800000)
  from space 512K, 6% used [0x00000000ec900000,0x00000000ec908000,0x00000000ec980000)
  to   space 512K, 0% used [0x00000000ec880000,0x00000000ec880000,0x00000000ec900000)
 ParOldGen       total 42496K, used 4627K [0x00000000c2c00000, 0x00000000c5580000, 0x00000000eb980000)
  object space 42496K, 10% used [0x00000000c2c00000,0x00000000c3084d68,0x00000000c5580000)
 Metaspace       used 12512K, capacity 12752K, committed 12928K, reserved 1060864K
  class space    used 1535K, capacity 1623K, committed 1664K, reserved 1048576K
}
Event: 134227.958 GC heap before
{Heap before GC invocations=1057 (full 0):
 PSYoungGen      total 15360K, used 14880K [0x00000000eb980000, 0x00000000ec980000, 0x0000000100000000)
  eden space 14848K, 100% used [0x00000000eb980000,0x00000000ec800000,0x00000000ec800000)
  from space 512K, 6% used [0x00000000ec900000,0x00000000ec908000,0x00000000ec980000)
  to   space 512K, 0% used [0x00000000ec880000,0x00000000ec880000,0x00000000ec900000)
 ParOldGen       total 42496K, used 4627K [0x00000000c2c00000, 0x00000000c5580000, 0x00000000eb980000)
  object space 42496K, 10% used [0x00000000c2c00000,0x00000000c3084d68,0x00000000c5580000)
 Metaspace       used 12512K, capacity 12752K, committed 12928K, reserved 1060864K
  class space    used 1535K, capacity 1623K, committed 1664K, reserved 1048576K
Event: 134227.977 GC heap after
Heap after GC invocations=1057 (full 0):
 PSYoungGen      total 15360K, used 64K [0x00000000eb980000, 0x00000000ec980000, 0x0000000100000000)
  eden space 14848K, 0% used [0x00000000eb980000,0x00000000eb980000,0x00000000ec800000)
  from space 512K, 12% used [0x00000000ec880000,0x00000000ec890000,0x00000000ec900000)
  to   space 512K, 0% used [0x00000000ec900000,0x00000000ec900000,0x00000000ec980000)
 ParOldGen       total 42496K, used 4627K [0x00000000c2c00000, 0x00000000c5580000, 0x00000000eb980000)
  object space 42496K, 10% used [0x00000000c2c00000,0x00000000c3084d68,0x00000000c5580000)
 Metaspace       used 12512K, capacity 12752K, committed 12928K, reserved 1060864K
  class space    used 1535K, capacity 1623K, committed 1664K, reserved 1048576K
}
Event: 134280.487 GC heap before
{Heap before GC invocations=1058 (full 0):
 PSYoungGen      total 15360K, used 14912K [0x00000000eb980000, 0x00000000ec980000, 0x0000000100000000)
  eden space 14848K, 100% used [0x00000000eb980000,0x00000000ec800000,0x00000000ec800000)
  from space 512K, 12% used [0x00000000ec880000,0x00000000ec890000,0x00000000ec900000)
  to   space 512K, 0% used [0x00000000ec900000,0x00000000ec900000,0x00000000ec980000)
 ParOldGen       total 42496K, used 4627K [0x00000000c2c00000, 0x00000000c5580000, 0x00000000eb980000)
  object space 42496K, 10% used [0x00000000c2c00000,0x00000000c3084d68,0x00000000c5580000)
 Metaspace       used 12512K, capacity 12752K, committed 12928K, reserved 1060864K
  class space    used 1535K, capacity 1623K, committed 1664K, reserved 1048576K
Event: 134280.554 GC heap after
Heap after GC invocations=1058 (full 0):
 PSYoungGen      total 15360K, used 128K [0x00000000eb980000, 0x00000000ec980000, 0x0000000100000000)
  eden space 14848K, 0% used [0x00000000eb980000,0x00000000eb980000,0x00000000ec800000)
  from space 512K, 25% used [0x00000000ec900000,0x00000000ec920000,0x00000000ec980000)
  to   space 512K, 0% used [0x00000000ec880000,0x00000000ec880000,0x00000000ec900000)
 ParOldGen       total 42496K, used 4627K [0x00000000c2c00000, 0x00000000c5580000, 0x00000000eb980000)
  object space 42496K, 10% used [0x00000000c2c00000,0x00000000c3084d68,0x00000000c5580000)
 Metaspace       used 12512K, capacity 12752K, committed 12928K, reserved 1060864K
  class space    used 1535K, capacity 1623K, committed 1664K, reserved 1048576K
}
Event: 134336.116 GC heap before
{Heap before GC invocations=1059 (full 0):
 PSYoungGen      total 15360K, used 14976K [0x00000000eb980000, 0x00000000ec980000, 0x0000000100000000)
  eden space 14848K, 100% used [0x00000000eb980000,0x00000000ec800000,0x00000000ec800000)
  from space 512K, 25% used [0x00000000ec900000,0x00000000ec920000,0x00000000ec980000)
  to   space 512K, 0% used [0x00000000ec880000,0x00000000ec880000,0x00000000ec900000)
 ParOldGen       total 42496K, used 4627K [0x00000000c2c00000, 0x00000000c5580000, 0x00000000eb980000)
  object space 42496K, 10% used [0x00000000c2c00000,0x00000000c3084d68,0x00000000c5580000)
 Metaspace       used 12512K, capacity 12752K, committed 12928K, reserved 1060864K
  class space    used 1535K, capacity 1623K, committed 1664K, reserved 1048576K
Event: 134336.127 GC heap after
Heap after GC invocations=1059 (full 0):
 PSYoungGen      total 15360K, used 96K [0x00000000eb980000, 0x00000000ec980000, 0x0000000100000000)
  eden space 14848K, 0% used [0x00000000eb980000,0x00000000eb980000,0x00000000ec800000)
  from space 512K, 18% used [0x00000000ec880000,0x00000000ec898000,0x00000000ec900000)
  to   space 512K, 0% used [0x00000000ec900000,0x00000000ec900000,0x00000000ec980000)
 ParOldGen       total 42496K, used 4627K [0x00000000c2c00000, 0x00000000c5580000, 0x00000000eb980000)
  object space 42496K, 10% used [0x00000000c2c00000,0x00000000c3084d68,0x00000000c5580000)
 Metaspace       used 12512K, capacity 12752K, committed 12928K, reserved 1060864K
  class space    used 1535K, capacity 1623K, committed 1664K, reserved 1048576K
}

