# JRE version: Java(TM) SE Runtime Environment (8.0_65-b17) (build 1.8.0_65-b17)
# Java VM: Java HotSpot(TM) 64-Bit Server VM (25.65-b01 mixed mode windows-amd64 compressed oops)
Heap:
 PSYoungGen      total 16384K, used 2462K [0x00000000eb980000, 0x00000000eca80000, 0x0000000100000000)
  eden space 15872K, 15% used [0x00000000eb980000,0x00000000ebbd7a08,0x00000000ec900000)
  from space 512K, 12% used [0x00000000eca00000,0x00000000eca10000,0x00000000eca80000)
  to   space 512K, 0% used [0x00000000ec980000,0x00000000ec980000,0x00000000eca00000)
 ParOldGen       total 42496K, used 5595K [0x00000000c2c00000, 0x00000000c5580000, 0x00000000eb980000)
  object space 42496K, 13% used [0x00000000c2c00000,0x00000000c3176ca0,0x00000000c5580000)
 Metaspace       used 12859K, capacity 13072K, committed 13440K, reserved 1060864K
  class space    used 1548K, capacity 1623K, committed 1664K, reserved 1048576K
GC Heap History (10 events):
Event: 5538.759 GC heap before
{Heap before GC invocations=116 (full 0):
 PSYoungGen      total 16384K, used 15968K [0x00000000eb980000, 0x00000000eca80000, 0x0000000100000000)
  eden space 15872K, 100% used [0x00000000eb980000,0x00000000ec900000,0x00000000ec900000)
  from space 512K, 18% used [0x00000000ec980000,0x00000000ec998000,0x00000000eca00000)
  to   space 512K, 0% used [0x00000000eca00000,0x00000000eca00000,0x00000000eca80000)
 ParOldGen       total 42496K, used 5571K [0x00000000c2c00000, 0x00000000c5580000, 0x00000000eb980000)
  object space 42496K, 13% used [0x00000000c2c00000,0x00000000c3170ca0,0x00000000c5580000)
 Metaspace       used 12859K, capacity 13072K, committed 13440K, reserved 1060864K
  class space    used 1547K, capacity 1623K, committed 1664K, reserved 1048576K
Event: 5538.809 GC heap after
Heap after GC invocations=116 (full 0):
 PSYoungGen      total 16384K, used 96K [0x00000000eb980000, 0x00000000eca80000, 0x0000000100000000)
  eden space 15872K, 0% used [0x00000000eb980000,0x00000000eb980000,0x00000000ec900000)
  from space 512K, 18% used [0x00000000eca00000,0x00000000eca18000,0x00000000eca80000)
  to   space 512K, 0% used [0x00000000ec980000,0x00000000ec980000,0x00000000eca00000)
 ParOldGen       total 42496K, used 5571K [0x00000000c2c00000, 0x00000000c5580000, 0x00000000eb980000)
  object space 42496K, 13% used [0x00000000c2c00000,0x00000000c3170ca0,0x00000000c5580000)
 Metaspace       used 12859K, capacity 13072K, committed 13440K, reserved 1060864K
  class space    used 1547K, capacity 1623K, committed 1664K, reserved 1048576K
}
Event: 5589.242 GC heap before
{Heap before GC invocations=117 (full 0):
 PSYoungGen      total 16384K, used 15968K [0x00000000eb980000, 0x00000000eca80000, 0x0000000100000000)
  eden space 15872K, 100% used [0x00000000eb980000,0x00000000ec900000,0x00000000ec900000)
  from space 512K, 18% used [0x00000000eca00000,0x00000000eca18000,0x00000000eca80000)
  to   space 512K, 0% used [0x00000000ec980000,0x00000000ec980000,0x00000000eca00000)
 ParOldGen       total 42496K, used 5571K [0x00000000c2c00000, 0x00000000c5580000, 0x00000000eb980000)
  object space 42496K, 13% used [0x00000000c2c00000,0x00000000c3170ca0,0x00000000c5580000)
 Metaspace       used 12859K, capacity 13072K, committed 13440K, reserved 1060864K
  class space    used 1547K, capacity 1623K, committed 1664K, reserved 1048576K
Event: 5589.243 GC heap after
Heap after GC invocations=117 (full 0):
 PSYoungGen      total 16384K, used 96K [0x00000000eb980000, 0x00000000eca80000, 0x0000000100000000)
  eden space 15872K, 0% used [0x00000000eb980000,0x00000000eb980000,0x00000000ec900000)
  from space 512K, 18% used [0x00000000ec980000,0x00000000ec998000,0x00000000eca00000)
  to   space 512K, 0% used [0x00000000eca00000,0x00000000eca00000,0x00000000eca80000)
 ParOldGen       total 42496K, used 5579K [0x00000000c2c00000, 0x00000000c5580000, 0x00000000eb980000)
  object space 42496K, 13% used [0x00000000c2c00000,0x00000000c3172ca0,0x00000000c5580000)
 Metaspace       used 12859K, capacity 13072K, committed 13440K, reserved 1060864K
  class space    used 1547K, capacity 1623K, committed 1664K, reserved 1048576K
}
Event: 5644.381 GC heap before
{Heap before GC invocations=118 (full 0):
 PSYoungGen      total 16384K, used 15968K [0x00000000eb980000, 0x00000000eca80000, 0x0000000100000000)
  eden space 15872K, 100% used [0x00000000eb980000,0x00000000ec900000,0x00000000ec900000)
  from space 512K, 18% used [0x00000000ec980000,0x00000000ec998000,0x00000000eca00000)
  to   space 512K, 0% used [0x00000000eca00000,0x00000000eca00000,0x00000000eca80000)
 ParOldGen       total 42496K, used 5579K [0x00000000c2c00000, 0x00000000c5580000, 0x00000000eb980000)
  object space 42496K, 13% used [0x00000000c2c00000,0x00000000c3172ca0,0x00000000c5580000)
 Metaspace       used 12859K, capacity 13072K, committed 13440K, reserved 1060864K
  class space    used 1547K, capacity 1623K, committed 1664K, reserved 1048576K
Event: 5644.461 GC heap after
Heap after GC invocations=118 (full 0):
 PSYoungGen      total 16384K, used 128K [0x00000000eb980000, 0x00000000eca80000, 0x0000000100000000)
  eden space 15872K, 0% used [0x00000000eb980000,0x00000000eb980000,0x00000000ec900000)
  from space 512K, 25% used [0x00000000eca00000,0x00000000eca20000,0x00000000eca80000)
  to   space 512K, 0% used [0x00000000ec980000,0x00000000ec980000,0x00000000eca00000)
 ParOldGen       total 42496K, used 5579K [0x00000000c2c00000, 0x00000000c5580000, 0x00000000eb980000)
  object space 42496K, 13% used [0x00000000c2c00000,0x00000000c3172ca0,0x00000000c5580000)
 Metaspace       used 12859K, capacity 13072K, committed 13440K, reserved 1060864K
  class space    used 1547K, capacity 1623K, committed 1664K, reserved 1048576K
}
Event: 5698.970 GC heap before
{Heap before GC invocations=119 (full 0):
 PSYoungGen      total 16384K, used 16000K [0x00000000eb980000, 0x00000000eca80000, 0x0000000100000000)
  eden space 15872K, 100% used [0x00000000eb980000,0x00000000ec900000,0x00000000ec900000)
  from space 512K, 25% used [0x00000000eca00000,0x00000000eca20000,0x00000000eca80000)
  to   space 512K, 0% used [0x00000000ec980000,0x00000000ec980000,0x00000000eca00000)
 ParOldGen       total 42496K, used 5579K [0x00000000c2c00000, 0x00000000c5580000, 0x00000000eb980000)
  object space 42496K, 13% used [0x00000000c2c00000,0x00000000c3172ca0,0x00000000c5580000)
 Metaspace       used 12859K, capacity 13072K, committed 13440K, reserved 1060864K
  class space    used 1548K, capacity 1623K, committed 1664K, reserved 1048576K
Event: 5699.035 GC heap after
Heap after GC invocations=119 (full 0):
 PSYoungGen      total 16384K, used 128K [0x00000000eb980000, 0x00000000eca80000, 0x0000000100000000)
  eden space 15872K, 0% used [0x00000000eb980000,0x00000000eb980000,0x00000000ec900000)
  from space 512K, 25% used [0x00000000ec980000,0x00000000ec9a0000,0x00000000eca00000)
  to   space 512K, 0% used [0x00000000eca00000,0x00000000eca00000,0x00000000eca80000)
 ParOldGen       total 42496K, used 5579K [0x00000000c2c00000, 0x00000000c5580000, 0x00000000eb980000)
  object space 42496K, 13% used [0x00000000c2c00000,0x00000000c3172ca0,0x00000000c5580000)
 Metaspace       used 12859K, capacity 13072K, committed 13440K, reserved 1060864K
  class space    used 1548K, capacity 1623K, committed 1664K, reserved 1048576K
}
Event: 5762.425 GC heap before
{Heap before GC invocations=120 (full 0):
 PSYoungGen      total 16384K, used 16000K [0x00000000eb980000, 0x00000000eca80000, 0x0000000100000000)
  eden space 15872K, 100% used [0x00000000eb980000,0x00000000ec900000,0x00000000ec900000)
  from space 512K, 25% used [0x00000000ec980000,0x00000000ec9a0000,0x00000000eca00000)
  to   space 512K, 0% used [0x00000000eca00000,0x00000000eca00000,0x00000000eca80000)
 ParOldGen       total 42496K, used 5579K [0x00000000c2c00000, 0x00000000c5580000, 0x00000000eb980000)
  object space 42496K, 13% used [0x00000000c2c00000,0x00000000c3172ca0,0x00000000c5580000)
 Metaspace       used 12859K, capacity 13072K, committed 13440K, reserved 1060864K
  class space    used 1548K, capacity 1623K, committed 1664K, reserved 1048576K
Event: 5762.427 GC heap after
Heap after GC invocations=120 (full 0):
 PSYoungGen      total 16384K, used 64K [0x00000000eb980000, 0x00000000eca80000, 0x0000000100000000)
  eden space 15872K, 0% used [0x00000000eb980000,0x00000000eb980000,0x00000000ec900000)
  from space 512K, 12% used [0x00000000eca00000,0x00000000eca10000,0x00000000eca80000)
  to   space 512K, 0% used [0x00000000ec980000,0x00000000ec980000,0x00000000eca00000)
 ParOldGen       total 42496K, used 5595K [0x00000000c2c00000, 0x00000000c5580000, 0x00000000eb980000)
  object space 42496K, 13% used [0x00000000c2c00000,0x00000000c3176ca0,0x00000000c5580000)
 Metaspace       used 12859K, capacity 13072K, committed 13440K, reserved 1060864K
  class space    used 1548K, capacity 1623K, committed 1664K, reserved 1048576K
}

