# JRE version: Java(TM) SE Runtime Environment (8.0_65-b17) (build 1.8.0_65-b17)
# Java VM: Java HotSpot(TM) 64-Bit Server VM (25.65-b01 mixed mode windows-amd64 compressed oops)
Heap:
 PSYoungGen      total 18944K, used 15858K [0x00000000eb980000, 0x00000000ecf00000, 0x0000000100000000)
  eden space 15872K, 99% used [0x00000000eb980000,0x00000000ec8e4878,0x00000000ec900000)
  from space 3072K, 3% used [0x00000000ec900000,0x00000000ec918000,0x00000000ecc00000)
  to   space 3072K, 0% used [0x00000000ecc00000,0x00000000ecc00000,0x00000000ecf00000)
 ParOldGen       total 42496K, used 6698K [0x00000000c2c00000, 0x00000000c5580000, 0x00000000eb980000)
  object space 42496K, 15% used [0x00000000c2c00000,0x00000000c328a928,0x00000000c5580000)
 Metaspace       used 12717K, capacity 12982K, committed 13184K, reserved 1060864K
  class space    used 1556K, capacity 1656K, committed 1664K, reserved 1048576K
GC Heap History (10 events):
Event: 1352.725 GC heap before
{Heap before GC invocations=23 (full 0):
 PSYoungGen      total 19968K, used 16032K [0x00000000eb980000, 0x00000000ed100000, 0x0000000100000000)
  eden space 15872K, 100% used [0x00000000eb980000,0x00000000ec900000,0x00000000ec900000)
  from space 4096K, 3% used [0x00000000ecd00000,0x00000000ecd28000,0x00000000ed100000)
  to   space 4096K, 0% used [0x00000000ec900000,0x00000000ec900000,0x00000000ecd00000)
 ParOldGen       total 42496K, used 6674K [0x00000000c2c00000, 0x00000000c5580000, 0x00000000eb980000)
  object space 42496K, 15% used [0x00000000c2c00000,0x00000000c3284928,0x00000000c5580000)
 Metaspace       used 12717K, capacity 12982K, committed 13184K, reserved 1060864K
  class space    used 1556K, capacity 1656K, committed 1664K, reserved 1048576K
Event: 1352.727 GC heap after
Heap after GC invocations=23 (full 0):
 PSYoungGen      total 16384K, used 64K [0x00000000eb980000, 0x00000000ed000000, 0x0000000100000000)
  eden space 15872K, 0% used [0x00000000eb980000,0x00000000eb980000,0x00000000ec900000)
  from space 512K, 12% used [0x00000000ec900000,0x00000000ec910000,0x00000000ec980000)
  to   space 3584K, 0% used [0x00000000ecc80000,0x00000000ecc80000,0x00000000ed000000)
 ParOldGen       total 42496K, used 6674K [0x00000000c2c00000, 0x00000000c5580000, 0x00000000eb980000)
  object space 42496K, 15% used [0x00000000c2c00000,0x00000000c3284928,0x00000000c5580000)
 Metaspace       used 12717K, capacity 12982K, committed 13184K, reserved 1060864K
  class space    used 1556K, capacity 1656K, committed 1664K, reserved 1048576K
}
Event: 1400.889 GC heap before
{Heap before GC invocations=24 (full 0):
 PSYoungGen      total 16384K, used 15936K [0x00000000eb980000, 0x00000000ed000000, 0x0000000100000000)
  eden space 15872K, 100% used [0x00000000eb980000,0x00000000ec900000,0x00000000ec900000)
  from space 512K, 12% used [0x00000000ec900000,0x00000000ec910000,0x00000000ec980000)
  to   space 3584K, 0% used [0x00000000ecc80000,0x00000000ecc80000,0x00000000ed000000)
 ParOldGen       total 42496K, used 6674K [0x00000000c2c00000, 0x00000000c5580000, 0x00000000eb980000)
  object space 42496K, 15% used [0x00000000c2c00000,0x00000000c3284928,0x00000000c5580000)
 Metaspace       used 12717K, capacity 12982K, committed 13184K, reserved 1060864K
  class space    used 1556K, capacity 1656K, committed 1664K, reserved 1048576K
Event: 1400.945 GC heap after
Heap after GC invocations=24 (full 0):
 PSYoungGen      total 19456K, used 160K [0x00000000eb980000, 0x00000000ed000000, 0x0000000100000000)
  eden space 15872K, 0% used [0x00000000eb980000,0x00000000eb980000,0x00000000ec900000)
  from space 3584K, 4% used [0x00000000ecc80000,0x00000000ecca8000,0x00000000ed000000)
  to   space 3584K, 0% used [0x00000000ec900000,0x00000000ec900000,0x00000000ecc80000)
 ParOldGen       total 42496K, used 6682K [0x00000000c2c00000, 0x00000000c5580000, 0x00000000eb980000)
  object space 42496K, 15% used [0x00000000c2c00000,0x00000000c3286928,0x00000000c5580000)
 Metaspace       used 12717K, capacity 12982K, committed 13184K, reserved 1060864K
  class space    used 1556K, capacity 1656K, committed 1664K, reserved 1048576K
}
Event: 1452.796 GC heap before
{Heap before GC invocations=25 (full 0):
 PSYoungGen      total 19456K, used 16032K [0x00000000eb980000, 0x00000000ed000000, 0x0000000100000000)
  eden space 15872K, 100% used [0x00000000eb980000,0x00000000ec900000,0x00000000ec900000)
  from space 3584K, 4% used [0x00000000ecc80000,0x00000000ecca8000,0x00000000ed000000)
  to   space 3584K, 0% used [0x00000000ec900000,0x00000000ec900000,0x00000000ecc80000)
 ParOldGen       total 42496K, used 6682K [0x00000000c2c00000, 0x00000000c5580000, 0x00000000eb980000)
  object space 42496K, 15% used [0x00000000c2c00000,0x00000000c3286928,0x00000000c5580000)
 Metaspace       used 12717K, capacity 12982K, committed 13184K, reserved 1060864K
  class space    used 1556K, capacity 1656K, committed 1664K, reserved 1048576K
Event: 1452.798 GC heap after
Heap after GC invocations=25 (full 0):
 PSYoungGen      total 19456K, used 64K [0x00000000eb980000, 0x00000000ed000000, 0x0000000100000000)
  eden space 15872K, 0% used [0x00000000eb980000,0x00000000eb980000,0x00000000ec900000)
  from space 3584K, 1% used [0x00000000ec900000,0x00000000ec910000,0x00000000ecc80000)
  to   space 3584K, 0% used [0x00000000ecc80000,0x00000000ecc80000,0x00000000ed000000)
 ParOldGen       total 42496K, used 6690K [0x00000000c2c00000, 0x00000000c5580000, 0x00000000eb980000)
  object space 42496K, 15% used [0x00000000c2c00000,0x00000000c3288928,0x00000000c5580000)
 Metaspace       used 12717K, capacity 12982K, committed 13184K, reserved 1060864K
  class space    used 1556K, capacity 1656K, committed 1664K, reserved 1048576K
}
Event: 1504.215 GC heap before
{Heap before GC invocations=26 (full 0):
 PSYoungGen      total 19456K, used 15936K [0x00000000eb980000, 0x00000000ed000000, 0x0000000100000000)
  eden space 15872K, 100% used [0x00000000eb980000,0x00000000ec900000,0x00000000ec900000)
  from space 3584K, 1% used [0x00000000ec900000,0x00000000ec910000,0x00000000ecc80000)
  to   space 3584K, 0% used [0x00000000ecc80000,0x00000000ecc80000,0x00000000ed000000)
 ParOldGen       total 42496K, used 6690K [0x00000000c2c00000, 0x00000000c5580000, 0x00000000eb980000)
  object space 42496K, 15% used [0x00000000c2c00000,0x00000000c3288928,0x00000000c5580000)
 Metaspace       used 12717K, capacity 12982K, committed 13184K, reserved 1060864K
  class space    used 1556K, capacity 1656K, committed 1664K, reserved 1048576K
Event: 1504.262 GC heap after
Heap after GC invocations=26 (full 0):
 PSYoungGen      total 18432K, used 128K [0x00000000eb980000, 0x00000000ecf00000, 0x0000000100000000)
  eden space 15872K, 0% used [0x00000000eb980000,0x00000000eb980000,0x00000000ec900000)
  from space 2560K, 5% used [0x00000000ecc80000,0x00000000ecca0000,0x00000000ecf00000)
  to   space 3072K, 0% used [0x00000000ec900000,0x00000000ec900000,0x00000000ecc00000)
 ParOldGen       total 42496K, used 6690K [0x00000000c2c00000, 0x00000000c5580000, 0x00000000eb980000)
  object space 42496K, 15% used [0x00000000c2c00000,0x00000000c3288928,0x00000000c5580000)
 Metaspace       used 12717K, capacity 12982K, committed 13184K, reserved 1060864K
  class space    used 1556K, capacity 1656K, committed 1664K, reserved 1048576K
}
Event: 1575.729 GC heap before
{Heap before GC invocations=27 (full 0):
 PSYoungGen      total 18432K, used 16000K [0x00000000eb980000, 0x00000000ecf00000, 0x0000000100000000)
  eden space 15872K, 100% used [0x00000000eb980000,0x00000000ec900000,0x00000000ec900000)
  from space 2560K, 5% used [0x00000000ecc80000,0x00000000ecca0000,0x00000000ecf00000)
  to   space 3072K, 0% used [0x00000000ec900000,0x00000000ec900000,0x00000000ecc00000)
 ParOldGen       total 42496K, used 6690K [0x00000000c2c00000, 0x00000000c5580000, 0x00000000eb980000)
  object space 42496K, 15% used [0x00000000c2c00000,0x00000000c3288928,0x00000000c5580000)
 Metaspace       used 12717K, capacity 12982K, committed 13184K, reserved 1060864K
  class space    used 1556K, capacity 1656K, committed 1664K, reserved 1048576K
Event: 1575.731 GC heap after
Heap after GC invocations=27 (full 0):
 PSYoungGen      total 18944K, used 96K [0x00000000eb980000, 0x00000000ecf00000, 0x0000000100000000)
  eden space 15872K, 0% used [0x00000000eb980000,0x00000000eb980000,0x00000000ec900000)
  from space 3072K, 3% used [0x00000000ec900000,0x00000000ec918000,0x00000000ecc00000)
  to   space 3072K, 0% used [0x00000000ecc00000,0x00000000ecc00000,0x00000000ecf00000)
 ParOldGen       total 42496K, used 6698K [0x00000000c2c00000, 0x00000000c5580000, 0x00000000eb980000)
  object space 42496K, 15% used [0x00000000c2c00000,0x00000000c328a928,0x00000000c5580000)
 Metaspace       used 12717K, capacity 12982K, committed 13184K, reserved 1060864K
  class space    used 1556K, capacity 1656K, committed 1664K, reserved 1048576K
}

