# JRE version: Java(TM) SE Runtime Environment (8.0_65-b17) (build 1.8.0_65-b17)
# Java VM: Java HotSpot(TM) 64-Bit Server VM (25.65-b01 mixed mode windows-amd64 compressed oops)
Heap:
 PSYoungGen      total 20480K, used 7425K [0x00000000eb980000, 0x00000000ed200000, 0x0000000100000000)
  eden space 15872K, 45% used [0x00000000eb980000,0x00000000ec0a0578,0x00000000ec900000)
  from space 4608K, 2% used [0x00000000ecd80000,0x00000000ecda0000,0x00000000ed200000)
  to   space 4608K, 0% used [0x00000000ec900000,0x00000000ec900000,0x00000000ecd80000)
 ParOldGen       total 42496K, used 5150K [0x00000000c2c00000, 0x00000000c5580000, 0x00000000eb980000)
  object space 42496K, 12% used [0x00000000c2c00000,0x00000000c3107bd8,0x00000000c5580000)
 Metaspace       used 12674K, capacity 12912K, committed 13184K, reserved 1060864K
  class space    used 1558K, capacity 1655K, committed 1664K, reserved 1048576K
GC Heap History (10 events):
Event: 822.219 GC heap before
{Heap before GC invocations=14 (full 0):
 PSYoungGen      total 21504K, used 15904K [0x00000000eb980000, 0x00000000ed400000, 0x0000000100000000)
  eden space 15872K, 100% used [0x00000000eb980000,0x00000000ec900000,0x00000000ec900000)
  from space 5632K, 0% used [0x00000000ec900000,0x00000000ec908000,0x00000000ece80000)
  to   space 5632K, 0% used [0x00000000ece80000,0x00000000ece80000,0x00000000ed400000)
 ParOldGen       total 42496K, used 5102K [0x00000000c2c00000, 0x00000000c5580000, 0x00000000eb980000)
  object space 42496K, 12% used [0x00000000c2c00000,0x00000000c30fbbd8,0x00000000c5580000)
 Metaspace       used 12673K, capacity 12912K, committed 13184K, reserved 1060864K
  class space    used 1557K, capacity 1655K, committed 1664K, reserved 1048576K
Event: 822.222 GC heap after
Heap after GC invocations=14 (full 0):
 PSYoungGen      total 20480K, used 96K [0x00000000eb980000, 0x00000000ed300000, 0x0000000100000000)
  eden space 15872K, 0% used [0x00000000eb980000,0x00000000eb980000,0x00000000ec900000)
  from space 4608K, 2% used [0x00000000ece80000,0x00000000ece98000,0x00000000ed300000)
  to   space 5120K, 0% used [0x00000000ec900000,0x00000000ec900000,0x00000000ece00000)
 ParOldGen       total 42496K, used 5102K [0x00000000c2c00000, 0x00000000c5580000, 0x00000000eb980000)
  object space 42496K, 12% used [0x00000000c2c00000,0x00000000c30fbbd8,0x00000000c5580000)
 Metaspace       used 12673K, capacity 12912K, committed 13184K, reserved 1060864K
  class space    used 1557K, capacity 1655K, committed 1664K, reserved 1048576K
}
Event: 875.656 GC heap before
{Heap before GC invocations=15 (full 0):
 PSYoungGen      total 20480K, used 15968K [0x00000000eb980000, 0x00000000ed300000, 0x0000000100000000)
  eden space 15872K, 100% used [0x00000000eb980000,0x00000000ec900000,0x00000000ec900000)
  from space 4608K, 2% used [0x00000000ece80000,0x00000000ece98000,0x00000000ed300000)
  to   space 5120K, 0% used [0x00000000ec900000,0x00000000ec900000,0x00000000ece00000)
 ParOldGen       total 42496K, used 5102K [0x00000000c2c00000, 0x00000000c5580000, 0x00000000eb980000)
  object space 42496K, 12% used [0x00000000c2c00000,0x00000000c30fbbd8,0x00000000c5580000)
 Metaspace       used 12674K, capacity 12912K, committed 13184K, reserved 1060864K
  class space    used 1557K, capacity 1655K, committed 1664K, reserved 1048576K
Event: 875.659 GC heap after
Heap after GC invocations=15 (full 0):
 PSYoungGen      total 20992K, used 32K [0x00000000eb980000, 0x00000000ed300000, 0x0000000100000000)
  eden space 15872K, 0% used [0x00000000eb980000,0x00000000eb980000,0x00000000ec900000)
  from space 5120K, 0% used [0x00000000ec900000,0x00000000ec908000,0x00000000ece00000)
  to   space 5120K, 0% used [0x00000000ece00000,0x00000000ece00000,0x00000000ed300000)
 ParOldGen       total 42496K, used 5102K [0x00000000c2c00000, 0x00000000c5580000, 0x00000000eb980000)
  object space 42496K, 12% used [0x00000000c2c00000,0x00000000c30fbbd8,0x00000000c5580000)
 Metaspace       used 12674K, capacity 12912K, committed 13184K, reserved 1060864K
  class space    used 1557K, capacity 1655K, committed 1664K, reserved 1048576K
}
Event: 935.088 GC heap before
{Heap before GC invocations=16 (full 0):
 PSYoungGen      total 20992K, used 15904K [0x00000000eb980000, 0x00000000ed300000, 0x0000000100000000)
  eden space 15872K, 100% used [0x00000000eb980000,0x00000000ec900000,0x00000000ec900000)
  from space 5120K, 0% used [0x00000000ec900000,0x00000000ec908000,0x00000000ece00000)
  to   space 5120K, 0% used [0x00000000ece00000,0x00000000ece00000,0x00000000ed300000)
 ParOldGen       total 42496K, used 5102K [0x00000000c2c00000, 0x00000000c5580000, 0x00000000eb980000)
  object space 42496K, 12% used [0x00000000c2c00000,0x00000000c30fbbd8,0x00000000c5580000)
 Metaspace       used 12674K, capacity 12912K, committed 13184K, reserved 1060864K
  class space    used 1558K, capacity 1655K, committed 1664K, reserved 1048576K
Event: 935.090 GC heap after
Heap after GC invocations=16 (full 0):
 PSYoungGen      total 19968K, used 64K [0x00000000eb980000, 0x00000000ed200000, 0x0000000100000000)
  eden space 15872K, 0% used [0x00000000eb980000,0x00000000eb980000,0x00000000ec900000)
  from space 4096K, 1% used [0x00000000ece00000,0x00000000ece10000,0x00000000ed200000)
  to   space 4608K, 0% used [0x00000000ec900000,0x00000000ec900000,0x00000000ecd80000)
 ParOldGen       total 42496K, used 5110K [0x00000000c2c00000, 0x00000000c5580000, 0x00000000eb980000)
  object space 42496K, 12% used [0x00000000c2c00000,0x00000000c30fdbd8,0x00000000c5580000)
 Metaspace       used 12674K, capacity 12912K, committed 13184K, reserved 1060864K
  class space    used 1558K, capacity 1655K, committed 1664K, reserved 1048576K
}
Event: 1007.035 GC heap before
{Heap before GC invocations=17 (full 0):
 PSYoungGen      total 19968K, used 15936K [0x00000000eb980000, 0x00000000ed200000, 0x0000000100000000)
  eden space 15872K, 100% used [0x00000000eb980000,0x00000000ec900000,0x00000000ec900000)
  from space 4096K, 1% used [0x00000000ece00000,0x00000000ece10000,0x00000000ed200000)
  to   space 4608K, 0% used [0x00000000ec900000,0x00000000ec900000,0x00000000ecd80000)
 ParOldGen       total 42496K, used 5110K [0x00000000c2c00000, 0x00000000c5580000, 0x00000000eb980000)
  object space 42496K, 12% used [0x00000000c2c00000,0x00000000c30fdbd8,0x00000000c5580000)
 Metaspace       used 12674K, capacity 12912K, committed 13184K, reserved 1060864K
  class space    used 1558K, capacity 1655K, committed 1664K, reserved 1048576K
Event: 1007.043 GC heap after
Heap after GC invocations=17 (full 0):
 PSYoungGen      total 20480K, used 32K [0x00000000eb980000, 0x00000000ed200000, 0x0000000100000000)
  eden space 15872K, 0% used [0x00000000eb980000,0x00000000eb980000,0x00000000ec900000)
  from space 4608K, 0% used [0x00000000ec900000,0x00000000ec908000,0x00000000ecd80000)
  to   space 4608K, 0% used [0x00000000ecd80000,0x00000000ecd80000,0x00000000ed200000)
 ParOldGen       total 42496K, used 5118K [0x00000000c2c00000, 0x00000000c5580000, 0x00000000eb980000)
  object space 42496K, 12% used [0x00000000c2c00000,0x00000000c30ffbd8,0x00000000c5580000)
 Metaspace       used 12674K, capacity 12912K, committed 13184K, reserved 1060864K
  class space    used 1558K, capacity 1655K, committed 1664K, reserved 1048576K
}
Event: 1078.688 GC heap before
{Heap before GC invocations=18 (full 0):
 PSYoungGen      total 20480K, used 15904K [0x00000000eb980000, 0x00000000ed200000, 0x0000000100000000)
  eden space 15872K, 100% used [0x00000000eb980000,0x00000000ec900000,0x00000000ec900000)
  from space 4608K, 0% used [0x00000000ec900000,0x00000000ec908000,0x00000000ecd80000)
  to   space 4608K, 0% used [0x00000000ecd80000,0x00000000ecd80000,0x00000000ed200000)
 ParOldGen       total 42496K, used 5118K [0x00000000c2c00000, 0x00000000c5580000, 0x00000000eb980000)
  object space 42496K, 12% used [0x00000000c2c00000,0x00000000c30ffbd8,0x00000000c5580000)
 Metaspace       used 12674K, capacity 12912K, committed 13184K, reserved 1060864K
  class space    used 1558K, capacity 1655K, committed 1664K, reserved 1048576K
Event: 1078.825 GC heap after
Heap after GC invocations=18 (full 0):
 PSYoungGen      total 20480K, used 128K [0x00000000eb980000, 0x00000000ed200000, 0x0000000100000000)
  eden space 15872K, 0% used [0x00000000eb980000,0x00000000eb980000,0x00000000ec900000)
  from space 4608K, 2% used [0x00000000ecd80000,0x00000000ecda0000,0x00000000ed200000)
  to   space 4608K, 0% used [0x00000000ec900000,0x00000000ec900000,0x00000000ecd80000)
 ParOldGen       total 42496K, used 5150K [0x00000000c2c00000, 0x00000000c5580000, 0x00000000eb980000)
  object space 42496K, 12% used [0x00000000c2c00000,0x00000000c3107bd8,0x00000000c5580000)
 Metaspace       used 12674K, capacity 12912K, committed 13184K, reserved 1060864K
  class space    used 1558K, capacity 1655K, committed 1664K, reserved 1048576K
}

