# JRE version: Java(TM) SE Runtime Environment (8.0_65-b17) (build 1.8.0_65-b17)
# Java VM: Java HotSpot(TM) 64-Bit Server VM (25.65-b01 mixed mode windows-amd64 compressed oops)
Heap:
 PSYoungGen      total 16384K, used 13427K [0x00000000eb980000, 0x00000000ecd80000, 0x0000000100000000)
  eden space 15872K, 83% used [0x00000000eb980000,0x00000000ec67ccd0,0x00000000ec900000)
  from space 512K, 25% used [0x00000000ec900000,0x00000000ec920000,0x00000000ec980000)
  to   space 512K, 0% used [0x00000000ecd00000,0x00000000ecd00000,0x00000000ecd80000)
 ParOldGen       total 42496K, used 4642K [0x00000000c2c00000, 0x00000000c5580000, 0x00000000eb980000)
  object space 42496K, 10% used [0x00000000c2c00000,0x00000000c3088a50,0x00000000c5580000)
 Metaspace       used 12625K, capacity 12880K, committed 13184K, reserved 1060864K
  class space    used 1537K, capacity 1623K, committed 1664K, reserved 1048576K
GC Heap History (10 events):
Event: 134624.091 GC heap before
{Heap before GC invocations=1061 (full 0):
 PSYoungGen      total 15872K, used 15424K [0x00000000eb980000, 0x00000000eca00000, 0x0000000100000000)
  eden space 15360K, 100% used [0x00000000eb980000,0x00000000ec880000,0x00000000ec880000)
  from space 512K, 12% used [0x00000000ec980000,0x00000000ec990000,0x00000000eca00000)
  to   space 512K, 0% used [0x00000000ec900000,0x00000000ec900000,0x00000000ec980000)
 ParOldGen       total 42496K, used 4642K [0x00000000c2c00000, 0x00000000c5580000, 0x00000000eb980000)
  object space 42496K, 10% used [0x00000000c2c00000,0x00000000c3088a50,0x00000000c5580000)
 Metaspace       used 12625K, capacity 12880K, committed 13184K, reserved 1060864K
  class space    used 1537K, capacity 1623K, committed 1664K, reserved 1048576K
Event: 134624.093 GC heap after
Heap after GC invocations=1061 (full 0):
 PSYoungGen      total 15872K, used 64K [0x00000000eb980000, 0x00000000eca00000, 0x0000000100000000)
  eden space 15360K, 0% used [0x00000000eb980000,0x00000000eb980000,0x00000000ec880000)
  from space 512K, 12% used [0x00000000ec900000,0x00000000ec910000,0x00000000ec980000)
  to   space 512K, 0% used [0x00000000ec980000,0x00000000ec980000,0x00000000eca00000)
 ParOldGen       total 42496K, used 4642K [0x00000000c2c00000, 0x00000000c5580000, 0x00000000eb980000)
  object space 42496K, 10% used [0x00000000c2c00000,0x00000000c3088a50,0x00000000c5580000)
 Metaspace       used 12625K, capacity 12880K, committed 13184K, reserved 1060864K
  class space    used 1537K, capacity 1623K, committed 1664K, reserved 1048576K
}
Event: 134653.641 GC heap before
{Heap before GC invocations=1062 (full 0):
 PSYoungGen      total 15872K, used 15424K [0x00000000eb980000, 0x00000000eca00000, 0x0000000100000000)
  eden space 15360K, 100% used [0x00000000eb980000,0x00000000ec880000,0x00000000ec880000)
  from space 512K, 12% used [0x00000000ec900000,0x00000000ec910000,0x00000000ec980000)
  to   space 512K, 0% used [0x00000000ec980000,0x00000000ec980000,0x00000000eca00000)
 ParOldGen       total 42496K, used 4642K [0x00000000c2c00000, 0x00000000c5580000, 0x00000000eb980000)
  object space 42496K, 10% used [0x00000000c2c00000,0x00000000c3088a50,0x00000000c5580000)
 Metaspace       used 12625K, capacity 12880K, committed 13184K, reserved 1060864K
  class space    used 1537K, capacity 1623K, committed 1664K, reserved 1048576K
Event: 134653.643 GC heap after
Heap after GC invocations=1062 (full 0):
 PSYoungGen      total 15872K, used 64K [0x00000000eb980000, 0x00000000eca00000, 0x0000000100000000)
  eden space 15360K, 0% used [0x00000000eb980000,0x00000000eb980000,0x00000000ec880000)
  from space 512K, 12% used [0x00000000ec980000,0x00000000ec990000,0x00000000eca00000)
  to   space 512K, 0% used [0x00000000ec900000,0x00000000ec900000,0x00000000ec980000)
 ParOldGen       total 42496K, used 4642K [0x00000000c2c00000, 0x00000000c5580000, 0x00000000eb980000)
  object space 42496K, 10% used [0x00000000c2c00000,0x00000000c3088a50,0x00000000c5580000)
 Metaspace       used 12625K, capacity 12880K, committed 13184K, reserved 1060864K
  class space    used 1537K, capacity 1623K, committed 1664K, reserved 1048576K
}
Event: 134706.874 GC heap before
{Heap before GC invocations=1063 (full 0):
 PSYoungGen      total 15872K, used 15424K [0x00000000eb980000, 0x00000000eca00000, 0x0000000100000000)
  eden space 15360K, 100% used [0x00000000eb980000,0x00000000ec880000,0x00000000ec880000)
  from space 512K, 12% used [0x00000000ec980000,0x00000000ec990000,0x00000000eca00000)
  to   space 512K, 0% used [0x00000000ec900000,0x00000000ec900000,0x00000000ec980000)
 ParOldGen       total 42496K, used 4642K [0x00000000c2c00000, 0x00000000c5580000, 0x00000000eb980000)
  object space 42496K, 10% used [0x00000000c2c00000,0x00000000c3088a50,0x00000000c5580000)
 Metaspace       used 12625K, capacity 12880K, committed 13184K, reserved 1060864K
  class space    used 1537K, capacity 1623K, committed 1664K, reserved 1048576K
Event: 134706.875 GC heap after
Heap after GC invocations=1063 (full 0):
 PSYoungGen      total 15872K, used 96K [0x00000000eb980000, 0x00000000eca00000, 0x0000000100000000)
  eden space 15360K, 0% used [0x00000000eb980000,0x00000000eb980000,0x00000000ec880000)
  from space 512K, 18% used [0x00000000ec900000,0x00000000ec918000,0x00000000ec980000)
  to   space 512K, 0% used [0x00000000ec980000,0x00000000ec980000,0x00000000eca00000)
 ParOldGen       total 42496K, used 4642K [0x00000000c2c00000, 0x00000000c5580000, 0x00000000eb980000)
  object space 42496K, 10% used [0x00000000c2c00000,0x00000000c3088a50,0x00000000c5580000)
 Metaspace       used 12625K, capacity 12880K, committed 13184K, reserved 1060864K
  class space    used 1537K, capacity 1623K, committed 1664K, reserved 1048576K
}
Event: 134737.088 GC heap before
{Heap before GC invocations=1064 (full 0):
 PSYoungGen      total 15872K, used 15456K [0x00000000eb980000, 0x00000000eca00000, 0x0000000100000000)
  eden space 15360K, 100% used [0x00000000eb980000,0x00000000ec880000,0x00000000ec880000)
  from space 512K, 18% used [0x00000000ec900000,0x00000000ec918000,0x00000000ec980000)
  to   space 512K, 0% used [0x00000000ec980000,0x00000000ec980000,0x00000000eca00000)
 ParOldGen       total 42496K, used 4642K [0x00000000c2c00000, 0x00000000c5580000, 0x00000000eb980000)
  object space 42496K, 10% used [0x00000000c2c00000,0x00000000c3088a50,0x00000000c5580000)
 Metaspace       used 12625K, capacity 12880K, committed 13184K, reserved 1060864K
  class space    used 1537K, capacity 1623K, committed 1664K, reserved 1048576K
Event: 134740.453 GC heap after
Heap after GC invocations=1064 (full 0):
 PSYoungGen      total 16384K, used 128K [0x00000000eb980000, 0x00000000ecc80000, 0x0000000100000000)
  eden space 15872K, 0% used [0x00000000eb980000,0x00000000eb980000,0x00000000ec900000)
  from space 512K, 25% used [0x00000000ec980000,0x00000000ec9a0000,0x00000000eca00000)
  to   space 512K, 0% used [0x00000000ec900000,0x00000000ec900000,0x00000000ec980000)
 ParOldGen       total 42496K, used 4642K [0x00000000c2c00000, 0x00000000c5580000, 0x00000000eb980000)
  object space 42496K, 10% used [0x00000000c2c00000,0x00000000c3088a50,0x00000000c5580000)
 Metaspace       used 12625K, capacity 12880K, committed 13184K, reserved 1060864K
  class space    used 1537K, capacity 1623K, committed 1664K, reserved 1048576K
}
Event: 134770.884 GC heap before
{Heap before GC invocations=1065 (full 0):
 PSYoungGen      total 16384K, used 16000K [0x00000000eb980000, 0x00000000ecc80000, 0x0000000100000000)
  eden space 15872K, 100% used [0x00000000eb980000,0x00000000ec900000,0x00000000ec900000)
  from space 512K, 25% used [0x00000000ec980000,0x00000000ec9a0000,0x00000000eca00000)
  to   space 512K, 0% used [0x00000000ec900000,0x00000000ec900000,0x00000000ec980000)
 ParOldGen       total 42496K, used 4642K [0x00000000c2c00000, 0x00000000c5580000, 0x00000000eb980000)
  object space 42496K, 10% used [0x00000000c2c00000,0x00000000c3088a50,0x00000000c5580000)
 Metaspace       used 12625K, capacity 12880K, committed 13184K, reserved 1060864K
  class space    used 1537K, capacity 1623K, committed 1664K, reserved 1048576K
Event: 134770.885 GC heap after
Heap after GC invocations=1065 (full 0):
 PSYoungGen      total 16384K, used 128K [0x00000000eb980000, 0x00000000ecd80000, 0x0000000100000000)
  eden space 15872K, 0% used [0x00000000eb980000,0x00000000eb980000,0x00000000ec900000)
  from space 512K, 25% used [0x00000000ec900000,0x00000000ec920000,0x00000000ec980000)
  to   space 512K, 0% used [0x00000000ecd00000,0x00000000ecd00000,0x00000000ecd80000)
 ParOldGen       total 42496K, used 4642K [0x00000000c2c00000, 0x00000000c5580000, 0x00000000eb980000)
  object space 42496K, 10% used [0x00000000c2c00000,0x00000000c3088a50,0x00000000c5580000)
 Metaspace       used 12625K, capacity 12880K, committed 13184K, reserved 1060864K
  class space    used 1537K, capacity 1623K, committed 1664K, reserved 1048576K
}

